Aug 07 2018 10:43:00
{"Number":2,"Message":"fopen(\/var\/www\/html\/rao4\/wp-content\/index.php): failed to open stream: Permission denied","File":"\/var\/www\/html\/rao4\/wp-content\/plugins\/all-in-one-wp-migration\/lib\/vendor\/servmask\/archiver\/class-ai1wm-extractor.php","Line":425}

Aug 07 2018 10:43:10
{"Number":2,"Message":"fopen(\/var\/www\/html\/rao4\/wp-content\/themes\/index.php): failed to open stream: Permission denied","File":"\/var\/www\/html\/rao4\/wp-content\/plugins\/all-in-one-wp-migration\/lib\/vendor\/servmask\/archiver\/class-ai1wm-extractor.php","Line":425}

Aug 07 2018 10:43:10
{"Number":2,"Message":"fopen(\/var\/www\/html\/rao4\/wp-content\/themes\/twentyseventeen\/inc\/template-tags.php): failed to open stream: Permission denied","File":"\/var\/www\/html\/rao4\/wp-content\/plugins\/all-in-one-wp-migration\/lib\/vendor\/servmask\/archiver\/class-ai1wm-extractor.php","Line":425}

Aug 07 2018 10:43:10
{"Number":2,"Message":"fopen(\/var\/www\/html\/rao4\/wp-content\/themes\/twentyseventeen\/inc\/template-functions.php): failed to open stream: Permission denied","File":"\/var\/www\/html\/rao4\/wp-content\/plugins\/all-in-one-wp-migration\/lib\/vendor\/servmask\/archiver\/class-ai1wm-extractor.php","Line":425}

Aug 07 2018 10:43:10
{"Number":2,"Message":"fopen(\/var\/www\/html\/rao4\/wp-content\/themes\/twentyseventeen\/inc\/icon-functions.php): failed to open stream: Permission denied","File":"\/var\/www\/html\/rao4\/wp-content\/plugins\/all-in-one-wp-migration\/lib\/vendor\/servmask\/archiver\/class-ai1wm-extractor.php","Line":425}

Aug 07 2018 10:43:10
{"Number":2,"Message":"fopen(\/var\/www\/html\/rao4\/wp-content\/themes\/twentyseventeen\/inc\/customizer.php): failed to open stream: Permission denied","File":"\/var\/www\/html\/rao4\/wp-content\/plugins\/all-in-one-wp-migration\/lib\/vendor\/servmask\/archiver\/class-ai1wm-extractor.php","Line":425}

Aug 07 2018 10:43:10
{"Number":2,"Message":"fopen(\/var\/www\/html\/rao4\/wp-content\/themes\/twentyseventeen\/inc\/custom-header.php): failed to open stream: Permission denied","File":"\/var\/www\/html\/rao4\/wp-content\/plugins\/all-in-one-wp-migration\/lib\/vendor\/servmask\/archiver\/class-ai1wm-extractor.php","Line":425}

Aug 07 2018 10:43:10
{"Number":2,"Message":"fopen(\/var\/www\/html\/rao4\/wp-content\/themes\/twentyseventeen\/inc\/back-compat.php): failed to open stream: Permission denied","File":"\/var\/www\/html\/rao4\/wp-content\/plugins\/all-in-one-wp-migration\/lib\/vendor\/servmask\/archiver\/class-ai1wm-extractor.php","Line":425}

Aug 07 2018 10:43:10
{"Number":2,"Message":"fopen(\/var\/www\/html\/rao4\/wp-content\/themes\/twentyseventeen\/inc\/color-patterns.php): failed to open stream: Permission denied","File":"\/var\/www\/html\/rao4\/wp-content\/plugins\/all-in-one-wp-migration\/lib\/vendor\/servmask\/archiver\/class-ai1wm-extractor.php","Line":425}

Aug 07 2018 10:43:10
{"Number":2,"Message":"fopen(\/var\/www\/html\/rao4\/wp-content\/themes\/twentyseventeen\/index.php): failed to open stream: Permission denied","File":"\/var\/www\/html\/rao4\/wp-content\/plugins\/all-in-one-wp-migration\/lib\/vendor\/servmask\/archiver\/class-ai1wm-extractor.php","Line":425}

Aug 07 2018 10:43:10
{"Number":2,"Message":"fopen(\/var\/www\/html\/rao4\/wp-content\/themes\/twentyseventeen\/screenshot.png): failed to open stream: Permission denied","File":"\/var\/www\/html\/rao4\/wp-content\/plugins\/all-in-one-wp-migration\/lib\/vendor\/servmask\/archiver\/class-ai1wm-extractor.php","Line":425}

Aug 07 2018 10:43:10
{"Number":2,"Message":"fopen(\/var\/www\/html\/rao4\/wp-content\/themes\/twentyseventeen\/rtl.css): failed to open stream: Permission denied","File":"\/var\/www\/html\/rao4\/wp-content\/plugins\/all-in-one-wp-migration\/lib\/vendor\/servmask\/archiver\/class-ai1wm-extractor.php","Line":425}

Aug 07 2018 10:43:10
{"Number":2,"Message":"fopen(\/var\/www\/html\/rao4\/wp-content\/themes\/twentyseventeen\/front-page.php): failed to open stream: Permission denied","File":"\/var\/www\/html\/rao4\/wp-content\/plugins\/all-in-one-wp-migration\/lib\/vendor\/servmask\/archiver\/class-ai1wm-extractor.php","Line":425}

Aug 07 2018 10:43:10
{"Number":2,"Message":"fopen(\/var\/www\/html\/rao4\/wp-content\/themes\/twentyseventeen\/search.php): failed to open stream: Permission denied","File":"\/var\/www\/html\/rao4\/wp-content\/plugins\/all-in-one-wp-migration\/lib\/vendor\/servmask\/archiver\/class-ai1wm-extractor.php","Line":425}

Aug 07 2018 10:43:10
{"Number":2,"Message":"fopen(\/var\/www\/html\/rao4\/wp-content\/themes\/twentyseventeen\/footer.php): failed to open stream: Permission denied","File":"\/var\/www\/html\/rao4\/wp-content\/plugins\/all-in-one-wp-migration\/lib\/vendor\/servmask\/archiver\/class-ai1wm-extractor.php","Line":425}

Aug 07 2018 10:43:10
{"Number":2,"Message":"fopen(\/var\/www\/html\/rao4\/wp-content\/themes\/twentyseventeen\/template-parts\/post\/content-none.php): failed to open stream: Permission denied","File":"\/var\/www\/html\/rao4\/wp-content\/plugins\/all-in-one-wp-migration\/lib\/vendor\/servmask\/archiver\/class-ai1wm-extractor.php","Line":425}

Aug 07 2018 10:43:10
{"Number":2,"Message":"fopen(\/var\/www\/html\/rao4\/wp-content\/themes\/twentyseventeen\/template-parts\/post\/content-image.php): failed to open stream: Permission denied","File":"\/var\/www\/html\/rao4\/wp-content\/plugins\/all-in-one-wp-migration\/lib\/vendor\/servmask\/archiver\/class-ai1wm-extractor.php","Line":425}

Aug 07 2018 10:43:10
{"Number":2,"Message":"fopen(\/var\/www\/html\/rao4\/wp-content\/themes\/twentyseventeen\/template-parts\/post\/content-gallery.php): failed to open stream: Permission denied","File":"\/var\/www\/html\/rao4\/wp-content\/plugins\/all-in-one-wp-migration\/lib\/vendor\/servmask\/archiver\/class-ai1wm-extractor.php","Line":425}

Aug 07 2018 10:43:10
{"Number":2,"Message":"fopen(\/var\/www\/html\/rao4\/wp-content\/themes\/twentyseventeen\/template-parts\/post\/content-video.php): failed to open stream: Permission denied","File":"\/var\/www\/html\/rao4\/wp-content\/plugins\/all-in-one-wp-migration\/lib\/vendor\/servmask\/archiver\/class-ai1wm-extractor.php","Line":425}

Aug 07 2018 10:43:10
{"Number":2,"Message":"fopen(\/var\/www\/html\/rao4\/wp-content\/themes\/twentyseventeen\/template-parts\/post\/content.php): failed to open stream: Permission denied","File":"\/var\/www\/html\/rao4\/wp-content\/plugins\/all-in-one-wp-migration\/lib\/vendor\/servmask\/archiver\/class-ai1wm-extractor.php","Line":425}

Aug 07 2018 10:43:10
{"Number":2,"Message":"fopen(\/var\/www\/html\/rao4\/wp-content\/themes\/twentyseventeen\/template-parts\/post\/content-audio.php): failed to open stream: Permission denied","File":"\/var\/www\/html\/rao4\/wp-content\/plugins\/all-in-one-wp-migration\/lib\/vendor\/servmask\/archiver\/class-ai1wm-extractor.php","Line":425}

Aug 07 2018 10:43:10
{"Number":2,"Message":"fopen(\/var\/www\/html\/rao4\/wp-content\/themes\/twentyseventeen\/template-parts\/post\/content-excerpt.php): failed to open stream: Permission denied","File":"\/var\/www\/html\/rao4\/wp-content\/plugins\/all-in-one-wp-migration\/lib\/vendor\/servmask\/archiver\/class-ai1wm-extractor.php","Line":425}

Aug 07 2018 10:43:10
{"Number":2,"Message":"fopen(\/var\/www\/html\/rao4\/wp-content\/themes\/twentyseventeen\/template-parts\/footer\/footer-widgets.php): failed to open stream: Permission denied","File":"\/var\/www\/html\/rao4\/wp-content\/plugins\/all-in-one-wp-migration\/lib\/vendor\/servmask\/archiver\/class-ai1wm-extractor.php","Line":425}

Aug 07 2018 10:43:10
{"Number":2,"Message":"fopen(\/var\/www\/html\/rao4\/wp-content\/themes\/twentyseventeen\/template-parts\/footer\/site-info.php): failed to open stream: Permission denied","File":"\/var\/www\/html\/rao4\/wp-content\/plugins\/all-in-one-wp-migration\/lib\/vendor\/servmask\/archiver\/class-ai1wm-extractor.php","Line":425}

Aug 07 2018 10:43:10
{"Number":2,"Message":"fopen(\/var\/www\/html\/rao4\/wp-content\/themes\/twentyseventeen\/template-parts\/page\/content-page.php): failed to open stream: Permission denied","File":"\/var\/www\/html\/rao4\/wp-content\/plugins\/all-in-one-wp-migration\/lib\/vendor\/servmask\/archiver\/class-ai1wm-extractor.php","Line":425}

Aug 07 2018 10:43:10
{"Number":2,"Message":"fopen(\/var\/www\/html\/rao4\/wp-content\/themes\/twentyseventeen\/template-parts\/page\/content-front-page.php): failed to open stream: Permission denied","File":"\/var\/www\/html\/rao4\/wp-content\/plugins\/all-in-one-wp-migration\/lib\/vendor\/servmask\/archiver\/class-ai1wm-extractor.php","Line":425}

Aug 07 2018 10:43:10
{"Number":2,"Message":"fopen(\/var\/www\/html\/rao4\/wp-content\/themes\/twentyseventeen\/template-parts\/page\/content-front-page-panels.php): failed to open stream: Permission denied","File":"\/var\/www\/html\/rao4\/wp-content\/plugins\/all-in-one-wp-migration\/lib\/vendor\/servmask\/archiver\/class-ai1wm-extractor.php","Line":425}

Aug 07 2018 10:43:10
{"Number":2,"Message":"fopen(\/var\/www\/html\/rao4\/wp-content\/themes\/twentyseventeen\/template-parts\/header\/site-branding.php): failed to open stream: Permission denied","File":"\/var\/www\/html\/rao4\/wp-content\/plugins\/all-in-one-wp-migration\/lib\/vendor\/servmask\/archiver\/class-ai1wm-extractor.php","Line":425}

Aug 07 2018 10:43:10
{"Number":2,"Message":"fopen(\/var\/www\/html\/rao4\/wp-content\/themes\/twentyseventeen\/template-parts\/header\/header-image.php): failed to open stream: Permission denied","File":"\/var\/www\/html\/rao4\/wp-content\/plugins\/all-in-one-wp-migration\/lib\/vendor\/servmask\/archiver\/class-ai1wm-extractor.php","Line":425}

Aug 07 2018 10:43:10
{"Number":2,"Message":"fopen(\/var\/www\/html\/rao4\/wp-content\/themes\/twentyseventeen\/template-parts\/navigation\/navigation-top.php): failed to open stream: Permission denied","File":"\/var\/www\/html\/rao4\/wp-content\/plugins\/all-in-one-wp-migration\/lib\/vendor\/servmask\/archiver\/class-ai1wm-extractor.php","Line":425}

Aug 07 2018 10:43:10
{"Number":2,"Message":"fopen(\/var\/www\/html\/rao4\/wp-content\/themes\/twentyseventeen\/searchform.php): failed to open stream: Permission denied","File":"\/var\/www\/html\/rao4\/wp-content\/plugins\/all-in-one-wp-migration\/lib\/vendor\/servmask\/archiver\/class-ai1wm-extractor.php","Line":425}

Aug 07 2018 10:43:10
{"Number":2,"Message":"fopen(\/var\/www\/html\/rao4\/wp-content\/themes\/twentyseventeen\/archive.php): failed to open stream: Permission denied","File":"\/var\/www\/html\/rao4\/wp-content\/plugins\/all-in-one-wp-migration\/lib\/vendor\/servmask\/archiver\/class-ai1wm-extractor.php","Line":425}

Aug 07 2018 10:43:10
{"Number":2,"Message":"fopen(\/var\/www\/html\/rao4\/wp-content\/themes\/twentyseventeen\/page.php): failed to open stream: Permission denied","File":"\/var\/www\/html\/rao4\/wp-content\/plugins\/all-in-one-wp-migration\/lib\/vendor\/servmask\/archiver\/class-ai1wm-extractor.php","Line":425}

Aug 07 2018 10:43:10
{"Number":2,"Message":"fopen(\/var\/www\/html\/rao4\/wp-content\/themes\/twentyseventeen\/README.txt): failed to open stream: Permission denied","File":"\/var\/www\/html\/rao4\/wp-content\/plugins\/all-in-one-wp-migration\/lib\/vendor\/servmask\/archiver\/class-ai1wm-extractor.php","Line":425}

Aug 07 2018 10:43:10
{"Number":2,"Message":"fopen(\/var\/www\/html\/rao4\/wp-content\/themes\/twentyseventeen\/single.php): failed to open stream: Permission denied","File":"\/var\/www\/html\/rao4\/wp-content\/plugins\/all-in-one-wp-migration\/lib\/vendor\/servmask\/archiver\/class-ai1wm-extractor.php","Line":425}

Aug 07 2018 10:43:10
{"Number":2,"Message":"fopen(\/var\/www\/html\/rao4\/wp-content\/themes\/twentyseventeen\/sidebar.php): failed to open stream: Permission denied","File":"\/var\/www\/html\/rao4\/wp-content\/plugins\/all-in-one-wp-migration\/lib\/vendor\/servmask\/archiver\/class-ai1wm-extractor.php","Line":425}

Aug 07 2018 10:43:10
{"Number":2,"Message":"fopen(\/var\/www\/html\/rao4\/wp-content\/themes\/twentyseventeen\/404.php): failed to open stream: Permission denied","File":"\/var\/www\/html\/rao4\/wp-content\/plugins\/all-in-one-wp-migration\/lib\/vendor\/servmask\/archiver\/class-ai1wm-extractor.php","Line":425}

Aug 07 2018 10:43:10
{"Number":2,"Message":"fopen(\/var\/www\/html\/rao4\/wp-content\/themes\/twentyseventeen\/style.css): failed to open stream: Permission denied","File":"\/var\/www\/html\/rao4\/wp-content\/plugins\/all-in-one-wp-migration\/lib\/vendor\/servmask\/archiver\/class-ai1wm-extractor.php","Line":425}

Aug 07 2018 10:43:10
{"Number":2,"Message":"fopen(\/var\/www\/html\/rao4\/wp-content\/themes\/twentyseventeen\/header.php): failed to open stream: Permission denied","File":"\/var\/www\/html\/rao4\/wp-content\/plugins\/all-in-one-wp-migration\/lib\/vendor\/servmask\/archiver\/class-ai1wm-extractor.php","Line":425}

Aug 07 2018 10:43:10
{"Number":2,"Message":"fopen(\/var\/www\/html\/rao4\/wp-content\/themes\/twentyseventeen\/functions.php): failed to open stream: Permission denied","File":"\/var\/www\/html\/rao4\/wp-content\/plugins\/all-in-one-wp-migration\/lib\/vendor\/servmask\/archiver\/class-ai1wm-extractor.php","Line":425}

Aug 07 2018 10:43:10
{"Number":2,"Message":"fopen(\/var\/www\/html\/rao4\/wp-content\/themes\/twentyseventeen\/assets\/images\/coffee.jpg): failed to open stream: Permission denied","File":"\/var\/www\/html\/rao4\/wp-content\/plugins\/all-in-one-wp-migration\/lib\/vendor\/servmask\/archiver\/class-ai1wm-extractor.php","Line":425}

Aug 07 2018 10:43:10
{"Number":2,"Message":"fopen(\/var\/www\/html\/rao4\/wp-content\/themes\/twentyseventeen\/assets\/images\/svg-icons.svg): failed to open stream: Permission denied","File":"\/var\/www\/html\/rao4\/wp-content\/plugins\/all-in-one-wp-migration\/lib\/vendor\/servmask\/archiver\/class-ai1wm-extractor.php","Line":425}

Aug 07 2018 10:43:10
{"Number":2,"Message":"fopen(\/var\/www\/html\/rao4\/wp-content\/themes\/twentyseventeen\/assets\/images\/header.jpg): failed to open stream: Permission denied","File":"\/var\/www\/html\/rao4\/wp-content\/plugins\/all-in-one-wp-migration\/lib\/vendor\/servmask\/archiver\/class-ai1wm-extractor.php","Line":425}

Aug 07 2018 10:43:10
{"Number":2,"Message":"fopen(\/var\/www\/html\/rao4\/wp-content\/themes\/twentyseventeen\/assets\/images\/espresso.jpg): failed to open stream: Permission denied","File":"\/var\/www\/html\/rao4\/wp-content\/plugins\/all-in-one-wp-migration\/lib\/vendor\/servmask\/archiver\/class-ai1wm-extractor.php","Line":425}

Aug 07 2018 10:43:10
{"Number":2,"Message":"fopen(\/var\/www\/html\/rao4\/wp-content\/themes\/twentyseventeen\/assets\/images\/sandwich.jpg): failed to open stream: Permission denied","File":"\/var\/www\/html\/rao4\/wp-content\/plugins\/all-in-one-wp-migration\/lib\/vendor\/servmask\/archiver\/class-ai1wm-extractor.php","Line":425}

Aug 07 2018 10:43:10
{"Number":2,"Message":"fopen(\/var\/www\/html\/rao4\/wp-content\/themes\/twentyseventeen\/assets\/css\/colors-dark.css): failed to open stream: Permission denied","File":"\/var\/www\/html\/rao4\/wp-content\/plugins\/all-in-one-wp-migration\/lib\/vendor\/servmask\/archiver\/class-ai1wm-extractor.php","Line":425}

Aug 07 2018 10:43:10
{"Number":2,"Message":"fopen(\/var\/www\/html\/rao4\/wp-content\/themes\/twentyseventeen\/assets\/css\/ie8.css): failed to open stream: Permission denied","File":"\/var\/www\/html\/rao4\/wp-content\/plugins\/all-in-one-wp-migration\/lib\/vendor\/servmask\/archiver\/class-ai1wm-extractor.php","Line":425}

Aug 07 2018 10:43:10
{"Number":2,"Message":"fopen(\/var\/www\/html\/rao4\/wp-content\/themes\/twentyseventeen\/assets\/css\/editor-style.css): failed to open stream: Permission denied","File":"\/var\/www\/html\/rao4\/wp-content\/plugins\/all-in-one-wp-migration\/lib\/vendor\/servmask\/archiver\/class-ai1wm-extractor.php","Line":425}

Aug 07 2018 10:43:10
{"Number":2,"Message":"fopen(\/var\/www\/html\/rao4\/wp-content\/themes\/twentyseventeen\/assets\/css\/ie9.css): failed to open stream: Permission denied","File":"\/var\/www\/html\/rao4\/wp-content\/plugins\/all-in-one-wp-migration\/lib\/vendor\/servmask\/archiver\/class-ai1wm-extractor.php","Line":425}

Aug 07 2018 10:43:10
{"Number":2,"Message":"fopen(\/var\/www\/html\/rao4\/wp-content\/themes\/twentyseventeen\/assets\/js\/global.js): failed to open stream: Permission denied","File":"\/var\/www\/html\/rao4\/wp-content\/plugins\/all-in-one-wp-migration\/lib\/vendor\/servmask\/archiver\/class-ai1wm-extractor.php","Line":425}

Aug 07 2018 10:43:10
{"Number":2,"Message":"fopen(\/var\/www\/html\/rao4\/wp-content\/themes\/twentyseventeen\/assets\/js\/skip-link-focus-fix.js): failed to open stream: Permission denied","File":"\/var\/www\/html\/rao4\/wp-content\/plugins\/all-in-one-wp-migration\/lib\/vendor\/servmask\/archiver\/class-ai1wm-extractor.php","Line":425}

Aug 07 2018 10:43:10
{"Number":2,"Message":"fopen(\/var\/www\/html\/rao4\/wp-content\/themes\/twentyseventeen\/assets\/js\/customize-controls.js): failed to open stream: Permission denied","File":"\/var\/www\/html\/rao4\/wp-content\/plugins\/all-in-one-wp-migration\/lib\/vendor\/servmask\/archiver\/class-ai1wm-extractor.php","Line":425}

Aug 07 2018 10:43:10
{"Number":2,"Message":"fopen(\/var\/www\/html\/rao4\/wp-content\/themes\/twentyseventeen\/assets\/js\/customize-preview.js): failed to open stream: Permission denied","File":"\/var\/www\/html\/rao4\/wp-content\/plugins\/all-in-one-wp-migration\/lib\/vendor\/servmask\/archiver\/class-ai1wm-extractor.php","Line":425}

Aug 07 2018 10:43:10
{"Number":2,"Message":"fopen(\/var\/www\/html\/rao4\/wp-content\/themes\/twentyseventeen\/assets\/js\/navigation.js): failed to open stream: Permission denied","File":"\/var\/www\/html\/rao4\/wp-content\/plugins\/all-in-one-wp-migration\/lib\/vendor\/servmask\/archiver\/class-ai1wm-extractor.php","Line":425}

Aug 07 2018 10:43:10
{"Number":2,"Message":"fopen(\/var\/www\/html\/rao4\/wp-content\/themes\/twentyseventeen\/assets\/js\/jquery.scrollTo.js): failed to open stream: Permission denied","File":"\/var\/www\/html\/rao4\/wp-content\/plugins\/all-in-one-wp-migration\/lib\/vendor\/servmask\/archiver\/class-ai1wm-extractor.php","Line":425}

Aug 07 2018 10:43:10
{"Number":2,"Message":"fopen(\/var\/www\/html\/rao4\/wp-content\/themes\/twentyseventeen\/assets\/js\/html5.js): failed to open stream: Permission denied","File":"\/var\/www\/html\/rao4\/wp-content\/plugins\/all-in-one-wp-migration\/lib\/vendor\/servmask\/archiver\/class-ai1wm-extractor.php","Line":425}

Aug 07 2018 10:43:10
{"Number":2,"Message":"fopen(\/var\/www\/html\/rao4\/wp-content\/themes\/twentyseventeen\/comments.php): failed to open stream: Permission denied","File":"\/var\/www\/html\/rao4\/wp-content\/plugins\/all-in-one-wp-migration\/lib\/vendor\/servmask\/archiver\/class-ai1wm-extractor.php","Line":425}

Aug 07 2018 10:43:10
{"Number":2,"Message":"fopen(\/var\/www\/html\/rao4\/wp-content\/themes\/twentysixteen\/inc\/template-tags.php): failed to open stream: Permission denied","File":"\/var\/www\/html\/rao4\/wp-content\/plugins\/all-in-one-wp-migration\/lib\/vendor\/servmask\/archiver\/class-ai1wm-extractor.php","Line":425}

Aug 07 2018 10:43:10
{"Number":2,"Message":"fopen(\/var\/www\/html\/rao4\/wp-content\/themes\/twentysixteen\/inc\/customizer.php): failed to open stream: Permission denied","File":"\/var\/www\/html\/rao4\/wp-content\/plugins\/all-in-one-wp-migration\/lib\/vendor\/servmask\/archiver\/class-ai1wm-extractor.php","Line":425}

Aug 07 2018 10:43:10
{"Number":2,"Message":"fopen(\/var\/www\/html\/rao4\/wp-content\/themes\/twentysixteen\/inc\/back-compat.php): failed to open stream: Permission denied","File":"\/var\/www\/html\/rao4\/wp-content\/plugins\/all-in-one-wp-migration\/lib\/vendor\/servmask\/archiver\/class-ai1wm-extractor.php","Line":425}

Aug 07 2018 10:43:10
{"Number":2,"Message":"fopen(\/var\/www\/html\/rao4\/wp-content\/themes\/twentysixteen\/index.php): failed to open stream: Permission denied","File":"\/var\/www\/html\/rao4\/wp-content\/plugins\/all-in-one-wp-migration\/lib\/vendor\/servmask\/archiver\/class-ai1wm-extractor.php","Line":425}

Aug 07 2018 10:43:10
{"Number":2,"Message":"fopen(\/var\/www\/html\/rao4\/wp-content\/themes\/twentysixteen\/screenshot.png): failed to open stream: Permission denied","File":"\/var\/www\/html\/rao4\/wp-content\/plugins\/all-in-one-wp-migration\/lib\/vendor\/servmask\/archiver\/class-ai1wm-extractor.php","Line":425}

Aug 07 2018 10:43:10
{"Number":2,"Message":"fopen(\/var\/www\/html\/rao4\/wp-content\/themes\/twentysixteen\/rtl.css): failed to open stream: Permission denied","File":"\/var\/www\/html\/rao4\/wp-content\/plugins\/all-in-one-wp-migration\/lib\/vendor\/servmask\/archiver\/class-ai1wm-extractor.php","Line":425}

Aug 07 2018 10:43:10
{"Number":2,"Message":"fopen(\/var\/www\/html\/rao4\/wp-content\/themes\/twentysixteen\/search.php): failed to open stream: Permission denied","File":"\/var\/www\/html\/rao4\/wp-content\/plugins\/all-in-one-wp-migration\/lib\/vendor\/servmask\/archiver\/class-ai1wm-extractor.php","Line":425}

Aug 07 2018 10:43:10
{"Number":2,"Message":"fopen(\/var\/www\/html\/rao4\/wp-content\/themes\/twentysixteen\/footer.php): failed to open stream: Permission denied","File":"\/var\/www\/html\/rao4\/wp-content\/plugins\/all-in-one-wp-migration\/lib\/vendor\/servmask\/archiver\/class-ai1wm-extractor.php","Line":425}

Aug 07 2018 10:43:10
{"Number":2,"Message":"fopen(\/var\/www\/html\/rao4\/wp-content\/themes\/twentysixteen\/template-parts\/content-search.php): failed to open stream: Permission denied","File":"\/var\/www\/html\/rao4\/wp-content\/plugins\/all-in-one-wp-migration\/lib\/vendor\/servmask\/archiver\/class-ai1wm-extractor.php","Line":425}

Aug 07 2018 10:43:10
{"Number":2,"Message":"fopen(\/var\/www\/html\/rao4\/wp-content\/themes\/twentysixteen\/template-parts\/content-none.php): failed to open stream: Permission denied","File":"\/var\/www\/html\/rao4\/wp-content\/plugins\/all-in-one-wp-migration\/lib\/vendor\/servmask\/archiver\/class-ai1wm-extractor.php","Line":425}

Aug 07 2018 10:43:10
{"Number":2,"Message":"fopen(\/var\/www\/html\/rao4\/wp-content\/themes\/twentysixteen\/template-parts\/content-page.php): failed to open stream: Permission denied","File":"\/var\/www\/html\/rao4\/wp-content\/plugins\/all-in-one-wp-migration\/lib\/vendor\/servmask\/archiver\/class-ai1wm-extractor.php","Line":425}

Aug 07 2018 10:43:10
{"Number":2,"Message":"fopen(\/var\/www\/html\/rao4\/wp-content\/themes\/twentysixteen\/template-parts\/content-single.php): failed to open stream: Permission denied","File":"\/var\/www\/html\/rao4\/wp-content\/plugins\/all-in-one-wp-migration\/lib\/vendor\/servmask\/archiver\/class-ai1wm-extractor.php","Line":425}

Aug 07 2018 10:43:10
{"Number":2,"Message":"fopen(\/var\/www\/html\/rao4\/wp-content\/themes\/twentysixteen\/template-parts\/biography.php): failed to open stream: Permission denied","File":"\/var\/www\/html\/rao4\/wp-content\/plugins\/all-in-one-wp-migration\/lib\/vendor\/servmask\/archiver\/class-ai1wm-extractor.php","Line":425}

Aug 07 2018 10:43:10
{"Number":2,"Message":"fopen(\/var\/www\/html\/rao4\/wp-content\/themes\/twentysixteen\/template-parts\/content.php): failed to open stream: Permission denied","File":"\/var\/www\/html\/rao4\/wp-content\/plugins\/all-in-one-wp-migration\/lib\/vendor\/servmask\/archiver\/class-ai1wm-extractor.php","Line":425}

Aug 07 2018 10:43:10
{"Number":2,"Message":"fopen(\/var\/www\/html\/rao4\/wp-content\/themes\/twentysixteen\/searchform.php): failed to open stream: Permission denied","File":"\/var\/www\/html\/rao4\/wp-content\/plugins\/all-in-one-wp-migration\/lib\/vendor\/servmask\/archiver\/class-ai1wm-extractor.php","Line":425}

Aug 07 2018 10:43:10
{"Number":2,"Message":"fopen(\/var\/www\/html\/rao4\/wp-content\/themes\/twentysixteen\/archive.php): failed to open stream: Permission denied","File":"\/var\/www\/html\/rao4\/wp-content\/plugins\/all-in-one-wp-migration\/lib\/vendor\/servmask\/archiver\/class-ai1wm-extractor.php","Line":425}

Aug 07 2018 10:43:10
{"Number":2,"Message":"fopen(\/var\/www\/html\/rao4\/wp-content\/themes\/twentysixteen\/image.php): failed to open stream: Permission denied","File":"\/var\/www\/html\/rao4\/wp-content\/plugins\/all-in-one-wp-migration\/lib\/vendor\/servmask\/archiver\/class-ai1wm-extractor.php","Line":425}

Aug 07 2018 10:43:10
{"Number":2,"Message":"fopen(\/var\/www\/html\/rao4\/wp-content\/themes\/twentysixteen\/page.php): failed to open stream: Permission denied","File":"\/var\/www\/html\/rao4\/wp-content\/plugins\/all-in-one-wp-migration\/lib\/vendor\/servmask\/archiver\/class-ai1wm-extractor.php","Line":425}

Aug 07 2018 10:43:10
{"Number":2,"Message":"fopen(\/var\/www\/html\/rao4\/wp-content\/themes\/twentysixteen\/genericons\/README.md): failed to open stream: Permission denied","File":"\/var\/www\/html\/rao4\/wp-content\/plugins\/all-in-one-wp-migration\/lib\/vendor\/servmask\/archiver\/class-ai1wm-extractor.php","Line":425}

Aug 07 2018 10:43:10
{"Number":2,"Message":"fopen(\/var\/www\/html\/rao4\/wp-content\/themes\/twentysixteen\/genericons\/Genericons.ttf): failed to open stream: Permission denied","File":"\/var\/www\/html\/rao4\/wp-content\/plugins\/all-in-one-wp-migration\/lib\/vendor\/servmask\/archiver\/class-ai1wm-extractor.php","Line":425}

Aug 07 2018 10:43:10
{"Number":2,"Message":"fopen(\/var\/www\/html\/rao4\/wp-content\/themes\/twentysixteen\/genericons\/Genericons.svg): failed to open stream: Permission denied","File":"\/var\/www\/html\/rao4\/wp-content\/plugins\/all-in-one-wp-migration\/lib\/vendor\/servmask\/archiver\/class-ai1wm-extractor.php","Line":425}

Aug 07 2018 10:43:10
{"Number":2,"Message":"fopen(\/var\/www\/html\/rao4\/wp-content\/themes\/twentysixteen\/genericons\/Genericons.woff): failed to open stream: Permission denied","File":"\/var\/www\/html\/rao4\/wp-content\/plugins\/all-in-one-wp-migration\/lib\/vendor\/servmask\/archiver\/class-ai1wm-extractor.php","Line":425}

Aug 07 2018 10:43:10
{"Number":2,"Message":"fopen(\/var\/www\/html\/rao4\/wp-content\/themes\/twentysixteen\/genericons\/Genericons.eot): failed to open stream: Permission denied","File":"\/var\/www\/html\/rao4\/wp-content\/plugins\/all-in-one-wp-migration\/lib\/vendor\/servmask\/archiver\/class-ai1wm-extractor.php","Line":425}

Aug 07 2018 10:43:10
{"Number":2,"Message":"fopen(\/var\/www\/html\/rao4\/wp-content\/themes\/twentysixteen\/genericons\/LICENSE.txt): failed to open stream: Permission denied","File":"\/var\/www\/html\/rao4\/wp-content\/plugins\/all-in-one-wp-migration\/lib\/vendor\/servmask\/archiver\/class-ai1wm-extractor.php","Line":425}

Aug 07 2018 10:43:10
{"Number":2,"Message":"fopen(\/var\/www\/html\/rao4\/wp-content\/themes\/twentysixteen\/genericons\/genericons.css): failed to open stream: Permission denied","File":"\/var\/www\/html\/rao4\/wp-content\/plugins\/all-in-one-wp-migration\/lib\/vendor\/servmask\/archiver\/class-ai1wm-extractor.php","Line":425}

Aug 07 2018 10:43:10
{"Number":2,"Message":"fopen(\/var\/www\/html\/rao4\/wp-content\/themes\/twentysixteen\/genericons\/COPYING.txt): failed to open stream: Permission denied","File":"\/var\/www\/html\/rao4\/wp-content\/plugins\/all-in-one-wp-migration\/lib\/vendor\/servmask\/archiver\/class-ai1wm-extractor.php","Line":425}

Aug 07 2018 10:43:10
{"Number":2,"Message":"fopen(\/var\/www\/html\/rao4\/wp-content\/themes\/twentysixteen\/sidebar-content-bottom.php): failed to open stream: Permission denied","File":"\/var\/www\/html\/rao4\/wp-content\/plugins\/all-in-one-wp-migration\/lib\/vendor\/servmask\/archiver\/class-ai1wm-extractor.php","Line":425}

Aug 07 2018 10:43:10
{"Number":2,"Message":"fopen(\/var\/www\/html\/rao4\/wp-content\/themes\/twentysixteen\/single.php): failed to open stream: Permission denied","File":"\/var\/www\/html\/rao4\/wp-content\/plugins\/all-in-one-wp-migration\/lib\/vendor\/servmask\/archiver\/class-ai1wm-extractor.php","Line":425}

Aug 07 2018 10:43:10
{"Number":2,"Message":"fopen(\/var\/www\/html\/rao4\/wp-content\/themes\/twentysixteen\/sidebar.php): failed to open stream: Permission denied","File":"\/var\/www\/html\/rao4\/wp-content\/plugins\/all-in-one-wp-migration\/lib\/vendor\/servmask\/archiver\/class-ai1wm-extractor.php","Line":425}

Aug 07 2018 10:43:10
{"Number":2,"Message":"fopen(\/var\/www\/html\/rao4\/wp-content\/themes\/twentysixteen\/css\/ie7.css): failed to open stream: Permission denied","File":"\/var\/www\/html\/rao4\/wp-content\/plugins\/all-in-one-wp-migration\/lib\/vendor\/servmask\/archiver\/class-ai1wm-extractor.php","Line":425}

Aug 07 2018 10:43:10
{"Number":2,"Message":"fopen(\/var\/www\/html\/rao4\/wp-content\/themes\/twentysixteen\/css\/ie8.css): failed to open stream: Permission denied","File":"\/var\/www\/html\/rao4\/wp-content\/plugins\/all-in-one-wp-migration\/lib\/vendor\/servmask\/archiver\/class-ai1wm-extractor.php","Line":425}

Aug 07 2018 10:43:10
{"Number":2,"Message":"fopen(\/var\/www\/html\/rao4\/wp-content\/themes\/twentysixteen\/css\/editor-style.css): failed to open stream: Permission denied","File":"\/var\/www\/html\/rao4\/wp-content\/plugins\/all-in-one-wp-migration\/lib\/vendor\/servmask\/archiver\/class-ai1wm-extractor.php","Line":425}

Aug 07 2018 10:43:10
{"Number":2,"Message":"fopen(\/var\/www\/html\/rao4\/wp-content\/themes\/twentysixteen\/css\/ie.css): failed to open stream: Permission denied","File":"\/var\/www\/html\/rao4\/wp-content\/plugins\/all-in-one-wp-migration\/lib\/vendor\/servmask\/archiver\/class-ai1wm-extractor.php","Line":425}

Aug 07 2018 10:43:10
{"Number":2,"Message":"fopen(\/var\/www\/html\/rao4\/wp-content\/themes\/twentysixteen\/404.php): failed to open stream: Permission denied","File":"\/var\/www\/html\/rao4\/wp-content\/plugins\/all-in-one-wp-migration\/lib\/vendor\/servmask\/archiver\/class-ai1wm-extractor.php","Line":425}

Aug 07 2018 10:43:10
{"Number":2,"Message":"fopen(\/var\/www\/html\/rao4\/wp-content\/themes\/twentysixteen\/style.css): failed to open stream: Permission denied","File":"\/var\/www\/html\/rao4\/wp-content\/plugins\/all-in-one-wp-migration\/lib\/vendor\/servmask\/archiver\/class-ai1wm-extractor.php","Line":425}

Aug 07 2018 10:43:10
{"Number":2,"Message":"fopen(\/var\/www\/html\/rao4\/wp-content\/themes\/twentysixteen\/js\/color-scheme-control.js): failed to open stream: Permission denied","File":"\/var\/www\/html\/rao4\/wp-content\/plugins\/all-in-one-wp-migration\/lib\/vendor\/servmask\/archiver\/class-ai1wm-extractor.php","Line":425}

Aug 07 2018 10:43:10
{"Number":2,"Message":"fopen(\/var\/www\/html\/rao4\/wp-content\/themes\/twentysixteen\/js\/skip-link-focus-fix.js): failed to open stream: Permission denied","File":"\/var\/www\/html\/rao4\/wp-content\/plugins\/all-in-one-wp-migration\/lib\/vendor\/servmask\/archiver\/class-ai1wm-extractor.php","Line":425}

Aug 07 2018 10:43:10
{"Number":2,"Message":"fopen(\/var\/www\/html\/rao4\/wp-content\/themes\/twentysixteen\/js\/customize-preview.js): failed to open stream: Permission denied","File":"\/var\/www\/html\/rao4\/wp-content\/plugins\/all-in-one-wp-migration\/lib\/vendor\/servmask\/archiver\/class-ai1wm-extractor.php","Line":425}

Aug 07 2018 10:43:10
{"Number":2,"Message":"fopen(\/var\/www\/html\/rao4\/wp-content\/themes\/twentysixteen\/js\/functions.js): failed to open stream: Permission denied","File":"\/var\/www\/html\/rao4\/wp-content\/plugins\/all-in-one-wp-migration\/lib\/vendor\/servmask\/archiver\/class-ai1wm-extractor.php","Line":425}

Aug 07 2018 10:43:10
{"Number":2,"Message":"fopen(\/var\/www\/html\/rao4\/wp-content\/themes\/twentysixteen\/js\/keyboard-image-navigation.js): failed to open stream: Permission denied","File":"\/var\/www\/html\/rao4\/wp-content\/plugins\/all-in-one-wp-migration\/lib\/vendor\/servmask\/archiver\/class-ai1wm-extractor.php","Line":425}

Aug 07 2018 10:43:10
{"Number":2,"Message":"fopen(\/var\/www\/html\/rao4\/wp-content\/themes\/twentysixteen\/js\/html5.js): failed to open stream: Permission denied","File":"\/var\/www\/html\/rao4\/wp-content\/plugins\/all-in-one-wp-migration\/lib\/vendor\/servmask\/archiver\/class-ai1wm-extractor.php","Line":425}

Aug 07 2018 10:43:10
{"Number":2,"Message":"fopen(\/var\/www\/html\/rao4\/wp-content\/themes\/twentysixteen\/header.php): failed to open stream: Permission denied","File":"\/var\/www\/html\/rao4\/wp-content\/plugins\/all-in-one-wp-migration\/lib\/vendor\/servmask\/archiver\/class-ai1wm-extractor.php","Line":425}

Aug 07 2018 10:43:10
{"Number":2,"Message":"fopen(\/var\/www\/html\/rao4\/wp-content\/themes\/twentysixteen\/functions.php): failed to open stream: Permission denied","File":"\/var\/www\/html\/rao4\/wp-content\/plugins\/all-in-one-wp-migration\/lib\/vendor\/servmask\/archiver\/class-ai1wm-extractor.php","Line":425}

Aug 07 2018 10:43:10
{"Number":2,"Message":"fopen(\/var\/www\/html\/rao4\/wp-content\/themes\/twentysixteen\/comments.php): failed to open stream: Permission denied","File":"\/var\/www\/html\/rao4\/wp-content\/plugins\/all-in-one-wp-migration\/lib\/vendor\/servmask\/archiver\/class-ai1wm-extractor.php","Line":425}

Aug 07 2018 10:43:10
{"Number":2,"Message":"fopen(\/var\/www\/html\/rao4\/wp-content\/themes\/twentysixteen\/readme.txt): failed to open stream: Permission denied","File":"\/var\/www\/html\/rao4\/wp-content\/plugins\/all-in-one-wp-migration\/lib\/vendor\/servmask\/archiver\/class-ai1wm-extractor.php","Line":425}

Aug 07 2018 10:43:10
{"Number":2,"Message":"fopen(\/var\/www\/html\/rao4\/wp-content\/themes\/twentyfifteen\/inc\/template-tags.php): failed to open stream: Permission denied","File":"\/var\/www\/html\/rao4\/wp-content\/plugins\/all-in-one-wp-migration\/lib\/vendor\/servmask\/archiver\/class-ai1wm-extractor.php","Line":425}

Aug 07 2018 10:43:10
{"Number":2,"Message":"fopen(\/var\/www\/html\/rao4\/wp-content\/themes\/twentyfifteen\/inc\/customizer.php): failed to open stream: Permission denied","File":"\/var\/www\/html\/rao4\/wp-content\/plugins\/all-in-one-wp-migration\/lib\/vendor\/servmask\/archiver\/class-ai1wm-extractor.php","Line":425}

Aug 07 2018 10:43:10
{"Number":2,"Message":"fopen(\/var\/www\/html\/rao4\/wp-content\/themes\/twentyfifteen\/inc\/custom-header.php): failed to open stream: Permission denied","File":"\/var\/www\/html\/rao4\/wp-content\/plugins\/all-in-one-wp-migration\/lib\/vendor\/servmask\/archiver\/class-ai1wm-extractor.php","Line":425}

Aug 07 2018 10:43:10
{"Number":2,"Message":"fopen(\/var\/www\/html\/rao4\/wp-content\/themes\/twentyfifteen\/inc\/back-compat.php): failed to open stream: Permission denied","File":"\/var\/www\/html\/rao4\/wp-content\/plugins\/all-in-one-wp-migration\/lib\/vendor\/servmask\/archiver\/class-ai1wm-extractor.php","Line":425}

Aug 07 2018 10:43:10
{"Number":2,"Message":"fopen(\/var\/www\/html\/rao4\/wp-content\/themes\/twentyfifteen\/content-search.php): failed to open stream: Permission denied","File":"\/var\/www\/html\/rao4\/wp-content\/plugins\/all-in-one-wp-migration\/lib\/vendor\/servmask\/archiver\/class-ai1wm-extractor.php","Line":425}

Aug 07 2018 10:43:10
{"Number":2,"Message":"fopen(\/var\/www\/html\/rao4\/wp-content\/themes\/twentyfifteen\/author-bio.php): failed to open stream: Permission denied","File":"\/var\/www\/html\/rao4\/wp-content\/plugins\/all-in-one-wp-migration\/lib\/vendor\/servmask\/archiver\/class-ai1wm-extractor.php","Line":425}

Aug 07 2018 10:43:10
{"Number":2,"Message":"fopen(\/var\/www\/html\/rao4\/wp-content\/themes\/twentyfifteen\/index.php): failed to open stream: Permission denied","File":"\/var\/www\/html\/rao4\/wp-content\/plugins\/all-in-one-wp-migration\/lib\/vendor\/servmask\/archiver\/class-ai1wm-extractor.php","Line":425}

Aug 07 2018 10:43:10
{"Number":2,"Message":"fopen(\/var\/www\/html\/rao4\/wp-content\/themes\/twentyfifteen\/screenshot.png): failed to open stream: Permission denied","File":"\/var\/www\/html\/rao4\/wp-content\/plugins\/all-in-one-wp-migration\/lib\/vendor\/servmask\/archiver\/class-ai1wm-extractor.php","Line":425}

Aug 07 2018 10:43:10
{"Number":2,"Message":"fopen(\/var\/www\/html\/rao4\/wp-content\/themes\/twentyfifteen\/content-none.php): failed to open stream: Permission denied","File":"\/var\/www\/html\/rao4\/wp-content\/plugins\/all-in-one-wp-migration\/lib\/vendor\/servmask\/archiver\/class-ai1wm-extractor.php","Line":425}

Aug 07 2018 10:43:10
{"Number":2,"Message":"fopen(\/var\/www\/html\/rao4\/wp-content\/themes\/twentyfifteen\/rtl.css): failed to open stream: Permission denied","File":"\/var\/www\/html\/rao4\/wp-content\/plugins\/all-in-one-wp-migration\/lib\/vendor\/servmask\/archiver\/class-ai1wm-extractor.php","Line":425}

Aug 07 2018 10:43:10
{"Number":2,"Message":"fopen(\/var\/www\/html\/rao4\/wp-content\/themes\/twentyfifteen\/content-page.php): failed to open stream: Permission denied","File":"\/var\/www\/html\/rao4\/wp-content\/plugins\/all-in-one-wp-migration\/lib\/vendor\/servmask\/archiver\/class-ai1wm-extractor.php","Line":425}

Aug 07 2018 10:43:10
{"Number":2,"Message":"fopen(\/var\/www\/html\/rao4\/wp-content\/themes\/twentyfifteen\/search.php): failed to open stream: Permission denied","File":"\/var\/www\/html\/rao4\/wp-content\/plugins\/all-in-one-wp-migration\/lib\/vendor\/servmask\/archiver\/class-ai1wm-extractor.php","Line":425}

Aug 07 2018 10:43:10
{"Number":2,"Message":"fopen(\/var\/www\/html\/rao4\/wp-content\/themes\/twentyfifteen\/footer.php): failed to open stream: Permission denied","File":"\/var\/www\/html\/rao4\/wp-content\/plugins\/all-in-one-wp-migration\/lib\/vendor\/servmask\/archiver\/class-ai1wm-extractor.php","Line":425}

Aug 07 2018 10:43:10
{"Number":2,"Message":"fopen(\/var\/www\/html\/rao4\/wp-content\/themes\/twentyfifteen\/archive.php): failed to open stream: Permission denied","File":"\/var\/www\/html\/rao4\/wp-content\/plugins\/all-in-one-wp-migration\/lib\/vendor\/servmask\/archiver\/class-ai1wm-extractor.php","Line":425}

Aug 07 2018 10:43:10
{"Number":2,"Message":"fopen(\/var\/www\/html\/rao4\/wp-content\/themes\/twentyfifteen\/image.php): failed to open stream: Permission denied","File":"\/var\/www\/html\/rao4\/wp-content\/plugins\/all-in-one-wp-migration\/lib\/vendor\/servmask\/archiver\/class-ai1wm-extractor.php","Line":425}

Aug 07 2018 10:43:10
{"Number":2,"Message":"fopen(\/var\/www\/html\/rao4\/wp-content\/themes\/twentyfifteen\/page.php): failed to open stream: Permission denied","File":"\/var\/www\/html\/rao4\/wp-content\/plugins\/all-in-one-wp-migration\/lib\/vendor\/servmask\/archiver\/class-ai1wm-extractor.php","Line":425}

Aug 07 2018 10:43:10
{"Number":2,"Message":"fopen(\/var\/www\/html\/rao4\/wp-content\/themes\/twentyfifteen\/genericons\/README.md): failed to open stream: Permission denied","File":"\/var\/www\/html\/rao4\/wp-content\/plugins\/all-in-one-wp-migration\/lib\/vendor\/servmask\/archiver\/class-ai1wm-extractor.php","Line":425}

Aug 07 2018 10:43:10
{"Number":2,"Message":"fopen(\/var\/www\/html\/rao4\/wp-content\/themes\/twentyfifteen\/genericons\/Genericons.ttf): failed to open stream: Permission denied","File":"\/var\/www\/html\/rao4\/wp-content\/plugins\/all-in-one-wp-migration\/lib\/vendor\/servmask\/archiver\/class-ai1wm-extractor.php","Line":425}

Aug 07 2018 10:43:10
{"Number":2,"Message":"fopen(\/var\/www\/html\/rao4\/wp-content\/themes\/twentyfifteen\/genericons\/Genericons.svg): failed to open stream: Permission denied","File":"\/var\/www\/html\/rao4\/wp-content\/plugins\/all-in-one-wp-migration\/lib\/vendor\/servmask\/archiver\/class-ai1wm-extractor.php","Line":425}

Aug 07 2018 10:43:10
{"Number":2,"Message":"fopen(\/var\/www\/html\/rao4\/wp-content\/themes\/twentyfifteen\/genericons\/Genericons.woff): failed to open stream: Permission denied","File":"\/var\/www\/html\/rao4\/wp-content\/plugins\/all-in-one-wp-migration\/lib\/vendor\/servmask\/archiver\/class-ai1wm-extractor.php","Line":425}

Aug 07 2018 10:43:10
{"Number":2,"Message":"fopen(\/var\/www\/html\/rao4\/wp-content\/themes\/twentyfifteen\/genericons\/Genericons.eot): failed to open stream: Permission denied","File":"\/var\/www\/html\/rao4\/wp-content\/plugins\/all-in-one-wp-migration\/lib\/vendor\/servmask\/archiver\/class-ai1wm-extractor.php","Line":425}

Aug 07 2018 10:43:10
{"Number":2,"Message":"fopen(\/var\/www\/html\/rao4\/wp-content\/themes\/twentyfifteen\/genericons\/LICENSE.txt): failed to open stream: Permission denied","File":"\/var\/www\/html\/rao4\/wp-content\/plugins\/all-in-one-wp-migration\/lib\/vendor\/servmask\/archiver\/class-ai1wm-extractor.php","Line":425}

Aug 07 2018 10:43:10
{"Number":2,"Message":"fopen(\/var\/www\/html\/rao4\/wp-content\/themes\/twentyfifteen\/genericons\/genericons.css): failed to open stream: Permission denied","File":"\/var\/www\/html\/rao4\/wp-content\/plugins\/all-in-one-wp-migration\/lib\/vendor\/servmask\/archiver\/class-ai1wm-extractor.php","Line":425}

Aug 07 2018 10:43:10
{"Number":2,"Message":"fopen(\/var\/www\/html\/rao4\/wp-content\/themes\/twentyfifteen\/genericons\/COPYING.txt): failed to open stream: Permission denied","File":"\/var\/www\/html\/rao4\/wp-content\/plugins\/all-in-one-wp-migration\/lib\/vendor\/servmask\/archiver\/class-ai1wm-extractor.php","Line":425}

Aug 07 2018 10:43:10
{"Number":2,"Message":"fopen(\/var\/www\/html\/rao4\/wp-content\/themes\/twentyfifteen\/single.php): failed to open stream: Permission denied","File":"\/var\/www\/html\/rao4\/wp-content\/plugins\/all-in-one-wp-migration\/lib\/vendor\/servmask\/archiver\/class-ai1wm-extractor.php","Line":425}

Aug 07 2018 10:43:10
{"Number":2,"Message":"fopen(\/var\/www\/html\/rao4\/wp-content\/themes\/twentyfifteen\/sidebar.php): failed to open stream: Permission denied","File":"\/var\/www\/html\/rao4\/wp-content\/plugins\/all-in-one-wp-migration\/lib\/vendor\/servmask\/archiver\/class-ai1wm-extractor.php","Line":425}

Aug 07 2018 10:43:10
{"Number":2,"Message":"fopen(\/var\/www\/html\/rao4\/wp-content\/themes\/twentyfifteen\/content.php): failed to open stream: Permission denied","File":"\/var\/www\/html\/rao4\/wp-content\/plugins\/all-in-one-wp-migration\/lib\/vendor\/servmask\/archiver\/class-ai1wm-extractor.php","Line":425}

Aug 07 2018 10:43:10
{"Number":2,"Message":"fopen(\/var\/www\/html\/rao4\/wp-content\/themes\/twentyfifteen\/css\/ie7.css): failed to open stream: Permission denied","File":"\/var\/www\/html\/rao4\/wp-content\/plugins\/all-in-one-wp-migration\/lib\/vendor\/servmask\/archiver\/class-ai1wm-extractor.php","Line":425}

Aug 07 2018 10:43:10
{"Number":2,"Message":"fopen(\/var\/www\/html\/rao4\/wp-content\/themes\/twentyfifteen\/css\/editor-style.css): failed to open stream: Permission denied","File":"\/var\/www\/html\/rao4\/wp-content\/plugins\/all-in-one-wp-migration\/lib\/vendor\/servmask\/archiver\/class-ai1wm-extractor.php","Line":425}

Aug 07 2018 10:43:10
{"Number":2,"Message":"fopen(\/var\/www\/html\/rao4\/wp-content\/themes\/twentyfifteen\/css\/ie.css): failed to open stream: Permission denied","File":"\/var\/www\/html\/rao4\/wp-content\/plugins\/all-in-one-wp-migration\/lib\/vendor\/servmask\/archiver\/class-ai1wm-extractor.php","Line":425}

Aug 07 2018 10:43:10
{"Number":2,"Message":"fopen(\/var\/www\/html\/rao4\/wp-content\/themes\/twentyfifteen\/404.php): failed to open stream: Permission denied","File":"\/var\/www\/html\/rao4\/wp-content\/plugins\/all-in-one-wp-migration\/lib\/vendor\/servmask\/archiver\/class-ai1wm-extractor.php","Line":425}

Aug 07 2018 10:43:10
{"Number":2,"Message":"fopen(\/var\/www\/html\/rao4\/wp-content\/themes\/twentyfifteen\/style.css): failed to open stream: Permission denied","File":"\/var\/www\/html\/rao4\/wp-content\/plugins\/all-in-one-wp-migration\/lib\/vendor\/servmask\/archiver\/class-ai1wm-extractor.php","Line":425}

Aug 07 2018 10:43:10
{"Number":2,"Message":"fopen(\/var\/www\/html\/rao4\/wp-content\/themes\/twentyfifteen\/content-link.php): failed to open stream: Permission denied","File":"\/var\/www\/html\/rao4\/wp-content\/plugins\/all-in-one-wp-migration\/lib\/vendor\/servmask\/archiver\/class-ai1wm-extractor.php","Line":425}

Aug 07 2018 10:43:10
{"Number":2,"Message":"fopen(\/var\/www\/html\/rao4\/wp-content\/themes\/twentyfifteen\/js\/color-scheme-control.js): failed to open stream: Permission denied","File":"\/var\/www\/html\/rao4\/wp-content\/plugins\/all-in-one-wp-migration\/lib\/vendor\/servmask\/archiver\/class-ai1wm-extractor.php","Line":425}

Aug 07 2018 10:43:10
{"Number":2,"Message":"fopen(\/var\/www\/html\/rao4\/wp-content\/themes\/twentyfifteen\/js\/skip-link-focus-fix.js): failed to open stream: Permission denied","File":"\/var\/www\/html\/rao4\/wp-content\/plugins\/all-in-one-wp-migration\/lib\/vendor\/servmask\/archiver\/class-ai1wm-extractor.php","Line":425}

Aug 07 2018 10:43:10
{"Number":2,"Message":"fopen(\/var\/www\/html\/rao4\/wp-content\/themes\/twentyfifteen\/js\/customize-preview.js): failed to open stream: Permission denied","File":"\/var\/www\/html\/rao4\/wp-content\/plugins\/all-in-one-wp-migration\/lib\/vendor\/servmask\/archiver\/class-ai1wm-extractor.php","Line":425}

Aug 07 2018 10:43:10
{"Number":2,"Message":"fopen(\/var\/www\/html\/rao4\/wp-content\/themes\/twentyfifteen\/js\/functions.js): failed to open stream: Permission denied","File":"\/var\/www\/html\/rao4\/wp-content\/plugins\/all-in-one-wp-migration\/lib\/vendor\/servmask\/archiver\/class-ai1wm-extractor.php","Line":425}

Aug 07 2018 10:43:10
{"Number":2,"Message":"fopen(\/var\/www\/html\/rao4\/wp-content\/themes\/twentyfifteen\/js\/keyboard-image-navigation.js): failed to open stream: Permission denied","File":"\/var\/www\/html\/rao4\/wp-content\/plugins\/all-in-one-wp-migration\/lib\/vendor\/servmask\/archiver\/class-ai1wm-extractor.php","Line":425}

Aug 07 2018 10:43:10
{"Number":2,"Message":"fopen(\/var\/www\/html\/rao4\/wp-content\/themes\/twentyfifteen\/js\/html5.js): failed to open stream: Permission denied","File":"\/var\/www\/html\/rao4\/wp-content\/plugins\/all-in-one-wp-migration\/lib\/vendor\/servmask\/archiver\/class-ai1wm-extractor.php","Line":425}

Aug 07 2018 10:43:10
{"Number":2,"Message":"fopen(\/var\/www\/html\/rao4\/wp-content\/themes\/twentyfifteen\/header.php): failed to open stream: Permission denied","File":"\/var\/www\/html\/rao4\/wp-content\/plugins\/all-in-one-wp-migration\/lib\/vendor\/servmask\/archiver\/class-ai1wm-extractor.php","Line":425}

Aug 07 2018 10:43:10
{"Number":2,"Message":"fopen(\/var\/www\/html\/rao4\/wp-content\/themes\/twentyfifteen\/functions.php): failed to open stream: Permission denied","File":"\/var\/www\/html\/rao4\/wp-content\/plugins\/all-in-one-wp-migration\/lib\/vendor\/servmask\/archiver\/class-ai1wm-extractor.php","Line":425}

Aug 07 2018 10:43:10
{"Number":2,"Message":"fopen(\/var\/www\/html\/rao4\/wp-content\/themes\/twentyfifteen\/comments.php): failed to open stream: Permission denied","File":"\/var\/www\/html\/rao4\/wp-content\/plugins\/all-in-one-wp-migration\/lib\/vendor\/servmask\/archiver\/class-ai1wm-extractor.php","Line":425}

Aug 07 2018 10:43:10
{"Number":2,"Message":"fopen(\/var\/www\/html\/rao4\/wp-content\/themes\/twentyfifteen\/readme.txt): failed to open stream: Permission denied","File":"\/var\/www\/html\/rao4\/wp-content\/plugins\/all-in-one-wp-migration\/lib\/vendor\/servmask\/archiver\/class-ai1wm-extractor.php","Line":425}

Aug 07 2018 10:43:11
{"Number":2,"Message":"fopen(\/var\/www\/html\/rao4\/wp-content\/plugins\/index.php): failed to open stream: Permission denied","File":"\/var\/www\/html\/rao4\/wp-content\/plugins\/all-in-one-wp-migration\/lib\/vendor\/servmask\/archiver\/class-ai1wm-extractor.php","Line":425}

Nov 28 2018 05:56:36
{"Number":2,"Message":"touch(): Utime failed: Operation not permitted","File":"\/var\/www\/html\/ascent_latest\/wp-content\/plugins\/all-in-one-wp-migration\/lib\/vendor\/servmask\/archiver\/class-ai1wm-extractor.php","Line":473}

Nov 28 2018 05:56:36
{"Number":2,"Message":"chmod(): Operation not permitted","File":"\/var\/www\/html\/ascent_latest\/wp-content\/plugins\/all-in-one-wp-migration\/lib\/vendor\/servmask\/archiver\/class-ai1wm-extractor.php","Line":476}

Nov 28 2018 05:56:37
{"Number":2,"Message":"touch(): Utime failed: Operation not permitted","File":"\/var\/www\/html\/ascent_latest\/wp-content\/plugins\/all-in-one-wp-migration\/lib\/vendor\/servmask\/archiver\/class-ai1wm-extractor.php","Line":473}

Nov 28 2018 05:56:37
{"Number":2,"Message":"chmod(): Operation not permitted","File":"\/var\/www\/html\/ascent_latest\/wp-content\/plugins\/all-in-one-wp-migration\/lib\/vendor\/servmask\/archiver\/class-ai1wm-extractor.php","Line":476}

Nov 28 2018 05:56:39
{"Number":2,"Message":"touch(): Utime failed: Operation not permitted","File":"\/var\/www\/html\/ascent_latest\/wp-content\/plugins\/all-in-one-wp-migration\/lib\/vendor\/servmask\/archiver\/class-ai1wm-extractor.php","Line":473}

Nov 28 2018 05:56:39
{"Number":2,"Message":"chmod(): Operation not permitted","File":"\/var\/www\/html\/ascent_latest\/wp-content\/plugins\/all-in-one-wp-migration\/lib\/vendor\/servmask\/archiver\/class-ai1wm-extractor.php","Line":476}

Nov 28 2018 05:58:37
{"type":8,"message":"Constant FS_METHOD already defined","file":"\/var\/www\/html\/ascent_latest\/wp-config.php","line":90}

Nov 28 2018 06:00:24
{"type":8,"message":"Constant FS_METHOD already defined","file":"\/var\/www\/html\/ascent_latest\/wp-config.php","line":90}

Nov 28 2018 06:00:24
{"type":8,"message":"Constant FS_METHOD already defined","file":"\/var\/www\/html\/ascent_latest\/wp-config.php","line":90}

Nov 28 2018 06:00:24
{"type":8,"message":"Constant FS_METHOD already defined","file":"\/var\/www\/html\/ascent_latest\/wp-config.php","line":90}

Nov 28 2018 06:00:25
{"type":8,"message":"Constant FS_METHOD already defined","file":"\/var\/www\/html\/ascent_latest\/wp-config.php","line":90}

Nov 28 2018 06:00:25
{"type":8,"message":"Constant FS_METHOD already defined","file":"\/var\/www\/html\/ascent_latest\/wp-config.php","line":90}

Nov 28 2018 06:00:26
{"type":8,"message":"Constant FS_METHOD already defined","file":"\/var\/www\/html\/ascent_latest\/wp-config.php","line":90}

Nov 28 2018 06:00:26
{"type":8,"message":"Constant FS_METHOD already defined","file":"\/var\/www\/html\/ascent_latest\/wp-config.php","line":90}

Nov 28 2018 06:00:26
{"type":8,"message":"Constant FS_METHOD already defined","file":"\/var\/www\/html\/ascent_latest\/wp-config.php","line":90}

Nov 28 2018 06:00:27
{"type":8,"message":"Constant FS_METHOD already defined","file":"\/var\/www\/html\/ascent_latest\/wp-config.php","line":90}

Nov 28 2018 06:00:27
{"type":8,"message":"Constant FS_METHOD already defined","file":"\/var\/www\/html\/ascent_latest\/wp-config.php","line":90}

Nov 28 2018 06:00:27
{"type":8,"message":"Constant FS_METHOD already defined","file":"\/var\/www\/html\/ascent_latest\/wp-config.php","line":90}

Nov 28 2018 06:00:28
{"type":8,"message":"Constant FS_METHOD already defined","file":"\/var\/www\/html\/ascent_latest\/wp-config.php","line":90}

Nov 28 2018 06:00:28
{"type":8,"message":"Constant FS_METHOD already defined","file":"\/var\/www\/html\/ascent_latest\/wp-config.php","line":90}

Nov 28 2018 06:00:29
{"type":8,"message":"Constant FS_METHOD already defined","file":"\/var\/www\/html\/ascent_latest\/wp-config.php","line":90}

Nov 28 2018 06:00:29
{"type":8,"message":"Constant FS_METHOD already defined","file":"\/var\/www\/html\/ascent_latest\/wp-config.php","line":90}

Nov 28 2018 06:00:30
{"type":8,"message":"Constant FS_METHOD already defined","file":"\/var\/www\/html\/ascent_latest\/wp-config.php","line":90}

Nov 28 2018 06:00:30
{"type":8,"message":"Constant FS_METHOD already defined","file":"\/var\/www\/html\/ascent_latest\/wp-config.php","line":90}

Nov 28 2018 06:00:30
{"type":8,"message":"Constant FS_METHOD already defined","file":"\/var\/www\/html\/ascent_latest\/wp-config.php","line":90}

Nov 28 2018 06:00:31
{"type":8,"message":"Constant FS_METHOD already defined","file":"\/var\/www\/html\/ascent_latest\/wp-config.php","line":90}

Nov 28 2018 06:00:31
{"type":8,"message":"Constant FS_METHOD already defined","file":"\/var\/www\/html\/ascent_latest\/wp-config.php","line":90}

Nov 28 2018 06:00:32
{"type":8,"message":"Constant FS_METHOD already defined","file":"\/var\/www\/html\/ascent_latest\/wp-config.php","line":90}

Nov 28 2018 06:00:32
{"type":8,"message":"Constant FS_METHOD already defined","file":"\/var\/www\/html\/ascent_latest\/wp-config.php","line":90}

Nov 28 2018 06:00:32
{"type":8,"message":"Constant FS_METHOD already defined","file":"\/var\/www\/html\/ascent_latest\/wp-config.php","line":90}

Nov 28 2018 06:00:33
{"type":8,"message":"Constant FS_METHOD already defined","file":"\/var\/www\/html\/ascent_latest\/wp-config.php","line":90}

Nov 28 2018 06:00:33
{"type":8,"message":"Constant FS_METHOD already defined","file":"\/var\/www\/html\/ascent_latest\/wp-config.php","line":90}

Nov 28 2018 06:00:33
{"type":8,"message":"Constant FS_METHOD already defined","file":"\/var\/www\/html\/ascent_latest\/wp-config.php","line":90}

Nov 28 2018 06:00:34
{"type":8,"message":"Constant FS_METHOD already defined","file":"\/var\/www\/html\/ascent_latest\/wp-config.php","line":90}

Nov 28 2018 06:00:34
{"type":8,"message":"Constant FS_METHOD already defined","file":"\/var\/www\/html\/ascent_latest\/wp-config.php","line":90}

Nov 28 2018 06:00:35
{"type":8,"message":"Constant FS_METHOD already defined","file":"\/var\/www\/html\/ascent_latest\/wp-config.php","line":90}

Nov 28 2018 06:00:35
{"type":8,"message":"Constant FS_METHOD already defined","file":"\/var\/www\/html\/ascent_latest\/wp-config.php","line":90}

Nov 28 2018 06:00:35
{"type":8,"message":"Constant FS_METHOD already defined","file":"\/var\/www\/html\/ascent_latest\/wp-config.php","line":90}

Nov 28 2018 06:00:36
{"type":8,"message":"Constant FS_METHOD already defined","file":"\/var\/www\/html\/ascent_latest\/wp-config.php","line":90}

Nov 28 2018 06:00:36
{"type":8,"message":"Constant FS_METHOD already defined","file":"\/var\/www\/html\/ascent_latest\/wp-config.php","line":90}

Nov 28 2018 06:00:36
{"type":8,"message":"Constant FS_METHOD already defined","file":"\/var\/www\/html\/ascent_latest\/wp-config.php","line":90}

Nov 28 2018 06:00:37
{"type":8,"message":"Constant FS_METHOD already defined","file":"\/var\/www\/html\/ascent_latest\/wp-config.php","line":90}

Nov 28 2018 06:00:37
{"type":8,"message":"Constant FS_METHOD already defined","file":"\/var\/www\/html\/ascent_latest\/wp-config.php","line":90}

Nov 28 2018 06:00:37
{"type":8,"message":"Constant FS_METHOD already defined","file":"\/var\/www\/html\/ascent_latest\/wp-config.php","line":90}

Nov 28 2018 06:00:38
{"type":8,"message":"Constant FS_METHOD already defined","file":"\/var\/www\/html\/ascent_latest\/wp-config.php","line":90}

Nov 28 2018 06:00:38
{"type":8,"message":"Constant FS_METHOD already defined","file":"\/var\/www\/html\/ascent_latest\/wp-config.php","line":90}

Nov 28 2018 06:00:38
{"type":8,"message":"Constant FS_METHOD already defined","file":"\/var\/www\/html\/ascent_latest\/wp-config.php","line":90}

Nov 28 2018 06:00:39
{"type":8,"message":"Constant FS_METHOD already defined","file":"\/var\/www\/html\/ascent_latest\/wp-config.php","line":90}

Nov 28 2018 06:00:39
{"type":8,"message":"Constant FS_METHOD already defined","file":"\/var\/www\/html\/ascent_latest\/wp-config.php","line":90}

Nov 28 2018 06:00:40
{"type":8,"message":"Constant FS_METHOD already defined","file":"\/var\/www\/html\/ascent_latest\/wp-config.php","line":90}

Nov 28 2018 06:00:40
{"type":8,"message":"Constant FS_METHOD already defined","file":"\/var\/www\/html\/ascent_latest\/wp-config.php","line":90}

Nov 28 2018 06:00:40
{"type":8,"message":"Constant FS_METHOD already defined","file":"\/var\/www\/html\/ascent_latest\/wp-config.php","line":90}

Nov 28 2018 06:00:41
{"type":8,"message":"Constant FS_METHOD already defined","file":"\/var\/www\/html\/ascent_latest\/wp-config.php","line":90}

Nov 28 2018 06:00:41
{"type":8,"message":"Constant FS_METHOD already defined","file":"\/var\/www\/html\/ascent_latest\/wp-config.php","line":90}

Nov 28 2018 06:00:41
{"type":8,"message":"Constant FS_METHOD already defined","file":"\/var\/www\/html\/ascent_latest\/wp-config.php","line":90}

Nov 28 2018 06:00:42
{"type":8,"message":"Constant FS_METHOD already defined","file":"\/var\/www\/html\/ascent_latest\/wp-config.php","line":90}

Nov 28 2018 06:00:42
{"type":8,"message":"Constant FS_METHOD already defined","file":"\/var\/www\/html\/ascent_latest\/wp-config.php","line":90}

Nov 28 2018 06:00:42
{"type":8,"message":"Constant FS_METHOD already defined","file":"\/var\/www\/html\/ascent_latest\/wp-config.php","line":90}

Nov 28 2018 06:00:43
{"type":8,"message":"Constant FS_METHOD already defined","file":"\/var\/www\/html\/ascent_latest\/wp-config.php","line":90}

Nov 28 2018 06:00:43
{"type":8,"message":"Constant FS_METHOD already defined","file":"\/var\/www\/html\/ascent_latest\/wp-config.php","line":90}

Nov 28 2018 06:00:43
{"type":8,"message":"Constant FS_METHOD already defined","file":"\/var\/www\/html\/ascent_latest\/wp-config.php","line":90}

Nov 28 2018 06:00:44
{"type":8,"message":"Constant FS_METHOD already defined","file":"\/var\/www\/html\/ascent_latest\/wp-config.php","line":90}

Nov 28 2018 06:00:44
{"type":8,"message":"Constant FS_METHOD already defined","file":"\/var\/www\/html\/ascent_latest\/wp-config.php","line":90}

Nov 28 2018 06:00:44
{"type":8,"message":"Constant FS_METHOD already defined","file":"\/var\/www\/html\/ascent_latest\/wp-config.php","line":90}

Nov 28 2018 06:00:45
{"type":8,"message":"Constant FS_METHOD already defined","file":"\/var\/www\/html\/ascent_latest\/wp-config.php","line":90}

Nov 28 2018 06:00:45
{"type":8,"message":"Constant FS_METHOD already defined","file":"\/var\/www\/html\/ascent_latest\/wp-config.php","line":90}

Nov 28 2018 06:00:46
{"type":8,"message":"Constant FS_METHOD already defined","file":"\/var\/www\/html\/ascent_latest\/wp-config.php","line":90}

Nov 28 2018 06:00:46
{"type":8,"message":"Constant FS_METHOD already defined","file":"\/var\/www\/html\/ascent_latest\/wp-config.php","line":90}

Nov 28 2018 06:00:46
{"type":8,"message":"Constant FS_METHOD already defined","file":"\/var\/www\/html\/ascent_latest\/wp-config.php","line":90}

Nov 28 2018 06:00:47
{"type":8,"message":"Constant FS_METHOD already defined","file":"\/var\/www\/html\/ascent_latest\/wp-config.php","line":90}

Nov 28 2018 06:00:47
{"type":8,"message":"Constant FS_METHOD already defined","file":"\/var\/www\/html\/ascent_latest\/wp-config.php","line":90}

Nov 28 2018 06:00:47
{"type":8,"message":"Constant FS_METHOD already defined","file":"\/var\/www\/html\/ascent_latest\/wp-config.php","line":90}

Nov 28 2018 06:00:48
{"type":8,"message":"Constant FS_METHOD already defined","file":"\/var\/www\/html\/ascent_latest\/wp-config.php","line":90}

Nov 28 2018 06:00:48
{"type":8,"message":"Constant FS_METHOD already defined","file":"\/var\/www\/html\/ascent_latest\/wp-config.php","line":90}

Nov 28 2018 06:00:48
{"type":8,"message":"Constant FS_METHOD already defined","file":"\/var\/www\/html\/ascent_latest\/wp-config.php","line":90}

Nov 28 2018 06:00:49
{"type":8,"message":"Constant FS_METHOD already defined","file":"\/var\/www\/html\/ascent_latest\/wp-config.php","line":90}

Nov 28 2018 06:00:49
{"type":8,"message":"Constant FS_METHOD already defined","file":"\/var\/www\/html\/ascent_latest\/wp-config.php","line":90}

Nov 28 2018 06:00:50
{"type":8,"message":"Constant FS_METHOD already defined","file":"\/var\/www\/html\/ascent_latest\/wp-config.php","line":90}

Nov 28 2018 06:00:50
{"type":8,"message":"Constant FS_METHOD already defined","file":"\/var\/www\/html\/ascent_latest\/wp-config.php","line":90}

Nov 28 2018 06:00:50
{"type":8,"message":"Constant FS_METHOD already defined","file":"\/var\/www\/html\/ascent_latest\/wp-config.php","line":90}

Nov 28 2018 06:00:51
{"type":8,"message":"Constant FS_METHOD already defined","file":"\/var\/www\/html\/ascent_latest\/wp-config.php","line":90}

Nov 28 2018 06:00:51
{"type":8,"message":"Constant FS_METHOD already defined","file":"\/var\/www\/html\/ascent_latest\/wp-config.php","line":90}

Nov 28 2018 06:00:51
{"type":8,"message":"Constant FS_METHOD already defined","file":"\/var\/www\/html\/ascent_latest\/wp-config.php","line":90}

Nov 28 2018 06:00:52
{"type":8,"message":"Constant FS_METHOD already defined","file":"\/var\/www\/html\/ascent_latest\/wp-config.php","line":90}

Nov 28 2018 06:00:52
{"type":8,"message":"Constant FS_METHOD already defined","file":"\/var\/www\/html\/ascent_latest\/wp-config.php","line":90}

Nov 28 2018 06:00:52
{"type":8,"message":"Constant FS_METHOD already defined","file":"\/var\/www\/html\/ascent_latest\/wp-config.php","line":90}

Nov 28 2018 06:00:53
{"type":8,"message":"Constant FS_METHOD already defined","file":"\/var\/www\/html\/ascent_latest\/wp-config.php","line":90}

Nov 28 2018 06:00:53
{"type":8,"message":"Constant FS_METHOD already defined","file":"\/var\/www\/html\/ascent_latest\/wp-config.php","line":90}

Nov 28 2018 06:00:54
{"type":8,"message":"Constant FS_METHOD already defined","file":"\/var\/www\/html\/ascent_latest\/wp-config.php","line":90}

Nov 28 2018 06:00:54
{"type":8,"message":"Constant FS_METHOD already defined","file":"\/var\/www\/html\/ascent_latest\/wp-config.php","line":90}

Nov 28 2018 06:00:54
{"type":8,"message":"Constant FS_METHOD already defined","file":"\/var\/www\/html\/ascent_latest\/wp-config.php","line":90}

Nov 28 2018 06:00:55
{"type":8,"message":"Constant FS_METHOD already defined","file":"\/var\/www\/html\/ascent_latest\/wp-config.php","line":90}

Nov 28 2018 06:00:55
{"type":8,"message":"Constant FS_METHOD already defined","file":"\/var\/www\/html\/ascent_latest\/wp-config.php","line":90}

Nov 28 2018 06:00:55
{"type":8,"message":"Constant FS_METHOD already defined","file":"\/var\/www\/html\/ascent_latest\/wp-config.php","line":90}

Nov 28 2018 06:00:56
{"type":8,"message":"Constant FS_METHOD already defined","file":"\/var\/www\/html\/ascent_latest\/wp-config.php","line":90}

Nov 28 2018 06:00:56
{"type":8,"message":"Constant FS_METHOD already defined","file":"\/var\/www\/html\/ascent_latest\/wp-config.php","line":90}

Nov 28 2018 06:00:56
{"type":8,"message":"Constant FS_METHOD already defined","file":"\/var\/www\/html\/ascent_latest\/wp-config.php","line":90}

Nov 28 2018 06:00:57
{"type":8,"message":"Constant FS_METHOD already defined","file":"\/var\/www\/html\/ascent_latest\/wp-config.php","line":90}

Nov 28 2018 06:00:57
{"type":8,"message":"Constant FS_METHOD already defined","file":"\/var\/www\/html\/ascent_latest\/wp-config.php","line":90}

Nov 28 2018 06:00:58
{"type":8,"message":"Constant FS_METHOD already defined","file":"\/var\/www\/html\/ascent_latest\/wp-config.php","line":90}

Nov 28 2018 06:00:58
{"type":8,"message":"Constant FS_METHOD already defined","file":"\/var\/www\/html\/ascent_latest\/wp-config.php","line":90}

Nov 28 2018 06:00:59
{"type":8,"message":"Constant FS_METHOD already defined","file":"\/var\/www\/html\/ascent_latest\/wp-config.php","line":90}

Nov 28 2018 06:00:59
{"type":8,"message":"Constant FS_METHOD already defined","file":"\/var\/www\/html\/ascent_latest\/wp-config.php","line":90}

Nov 28 2018 06:01:00
{"type":8,"message":"Constant FS_METHOD already defined","file":"\/var\/www\/html\/ascent_latest\/wp-config.php","line":90}

Nov 28 2018 06:01:00
{"type":8,"message":"Constant FS_METHOD already defined","file":"\/var\/www\/html\/ascent_latest\/wp-config.php","line":90}

Nov 28 2018 06:01:00
{"type":8,"message":"Constant FS_METHOD already defined","file":"\/var\/www\/html\/ascent_latest\/wp-config.php","line":90}

Nov 28 2018 06:01:01
{"type":8,"message":"Constant FS_METHOD already defined","file":"\/var\/www\/html\/ascent_latest\/wp-config.php","line":90}

Nov 28 2018 06:01:01
{"type":8,"message":"Constant FS_METHOD already defined","file":"\/var\/www\/html\/ascent_latest\/wp-config.php","line":90}

Nov 28 2018 06:01:01
{"type":8,"message":"Constant FS_METHOD already defined","file":"\/var\/www\/html\/ascent_latest\/wp-config.php","line":90}

Nov 28 2018 06:01:02
{"type":8,"message":"Constant FS_METHOD already defined","file":"\/var\/www\/html\/ascent_latest\/wp-config.php","line":90}

Nov 28 2018 06:01:02
{"type":8,"message":"Constant FS_METHOD already defined","file":"\/var\/www\/html\/ascent_latest\/wp-config.php","line":90}

Nov 28 2018 06:01:02
{"type":8,"message":"Constant FS_METHOD already defined","file":"\/var\/www\/html\/ascent_latest\/wp-config.php","line":90}

Nov 28 2018 06:01:03
{"type":8,"message":"Constant FS_METHOD already defined","file":"\/var\/www\/html\/ascent_latest\/wp-config.php","line":90}

Nov 28 2018 06:01:03
{"type":8,"message":"Constant FS_METHOD already defined","file":"\/var\/www\/html\/ascent_latest\/wp-config.php","line":90}

Nov 28 2018 06:01:04
{"type":8,"message":"Constant FS_METHOD already defined","file":"\/var\/www\/html\/ascent_latest\/wp-config.php","line":90}

Nov 28 2018 06:01:04
{"type":8,"message":"Constant FS_METHOD already defined","file":"\/var\/www\/html\/ascent_latest\/wp-config.php","line":90}

Nov 28 2018 06:01:04
{"type":8,"message":"Constant FS_METHOD already defined","file":"\/var\/www\/html\/ascent_latest\/wp-config.php","line":90}

Nov 28 2018 06:01:05
{"type":8,"message":"Constant FS_METHOD already defined","file":"\/var\/www\/html\/ascent_latest\/wp-config.php","line":90}

Nov 28 2018 06:01:05
{"type":8,"message":"Constant FS_METHOD already defined","file":"\/var\/www\/html\/ascent_latest\/wp-config.php","line":90}

Nov 28 2018 06:01:05
{"type":8,"message":"Constant FS_METHOD already defined","file":"\/var\/www\/html\/ascent_latest\/wp-config.php","line":90}

Nov 28 2018 06:01:06
{"type":8,"message":"Constant FS_METHOD already defined","file":"\/var\/www\/html\/ascent_latest\/wp-config.php","line":90}

Nov 28 2018 06:01:06
{"type":8,"message":"Constant FS_METHOD already defined","file":"\/var\/www\/html\/ascent_latest\/wp-config.php","line":90}

Nov 28 2018 06:01:06
{"type":8,"message":"Constant FS_METHOD already defined","file":"\/var\/www\/html\/ascent_latest\/wp-config.php","line":90}

Nov 28 2018 06:01:07
{"type":8,"message":"Constant FS_METHOD already defined","file":"\/var\/www\/html\/ascent_latest\/wp-config.php","line":90}

Nov 28 2018 06:01:07
{"type":8,"message":"Constant FS_METHOD already defined","file":"\/var\/www\/html\/ascent_latest\/wp-config.php","line":90}

Nov 28 2018 06:01:08
{"type":8,"message":"Constant FS_METHOD already defined","file":"\/var\/www\/html\/ascent_latest\/wp-config.php","line":90}

Nov 28 2018 06:01:08
{"type":8,"message":"Constant FS_METHOD already defined","file":"\/var\/www\/html\/ascent_latest\/wp-config.php","line":90}

Nov 28 2018 06:01:08
{"type":8,"message":"Constant FS_METHOD already defined","file":"\/var\/www\/html\/ascent_latest\/wp-config.php","line":90}

Nov 28 2018 06:01:09
{"type":8,"message":"Constant FS_METHOD already defined","file":"\/var\/www\/html\/ascent_latest\/wp-config.php","line":90}

Nov 28 2018 06:01:09
{"type":8,"message":"Constant FS_METHOD already defined","file":"\/var\/www\/html\/ascent_latest\/wp-config.php","line":90}

Nov 28 2018 06:01:09
{"type":8,"message":"Constant FS_METHOD already defined","file":"\/var\/www\/html\/ascent_latest\/wp-config.php","line":90}

Nov 28 2018 06:01:10
{"type":8,"message":"Constant FS_METHOD already defined","file":"\/var\/www\/html\/ascent_latest\/wp-config.php","line":90}

Nov 28 2018 06:01:10
{"type":8,"message":"Constant FS_METHOD already defined","file":"\/var\/www\/html\/ascent_latest\/wp-config.php","line":90}

Nov 28 2018 06:01:10
{"type":8,"message":"Constant FS_METHOD already defined","file":"\/var\/www\/html\/ascent_latest\/wp-config.php","line":90}

Nov 28 2018 06:01:11
{"type":8,"message":"Constant FS_METHOD already defined","file":"\/var\/www\/html\/ascent_latest\/wp-config.php","line":90}

Nov 28 2018 06:01:11
{"type":8,"message":"Constant FS_METHOD already defined","file":"\/var\/www\/html\/ascent_latest\/wp-config.php","line":90}

Nov 28 2018 06:01:11
{"type":8,"message":"Constant FS_METHOD already defined","file":"\/var\/www\/html\/ascent_latest\/wp-config.php","line":90}

Nov 28 2018 06:01:12
{"type":8,"message":"Constant FS_METHOD already defined","file":"\/var\/www\/html\/ascent_latest\/wp-config.php","line":90}

Nov 28 2018 06:01:12
{"type":8,"message":"Constant FS_METHOD already defined","file":"\/var\/www\/html\/ascent_latest\/wp-config.php","line":90}

Nov 28 2018 06:01:13
{"type":8,"message":"Constant FS_METHOD already defined","file":"\/var\/www\/html\/ascent_latest\/wp-config.php","line":90}

Nov 28 2018 06:01:13
{"type":8,"message":"Constant FS_METHOD already defined","file":"\/var\/www\/html\/ascent_latest\/wp-config.php","line":90}

Nov 28 2018 06:01:13
{"type":8,"message":"Constant FS_METHOD already defined","file":"\/var\/www\/html\/ascent_latest\/wp-config.php","line":90}

Nov 28 2018 06:01:14
{"type":8,"message":"Constant FS_METHOD already defined","file":"\/var\/www\/html\/ascent_latest\/wp-config.php","line":90}

Nov 28 2018 06:01:14
{"type":8,"message":"Constant FS_METHOD already defined","file":"\/var\/www\/html\/ascent_latest\/wp-config.php","line":90}

Nov 28 2018 06:01:14
{"type":8,"message":"Constant FS_METHOD already defined","file":"\/var\/www\/html\/ascent_latest\/wp-config.php","line":90}

Nov 28 2018 06:01:15
{"type":8,"message":"Constant FS_METHOD already defined","file":"\/var\/www\/html\/ascent_latest\/wp-config.php","line":90}

Nov 28 2018 06:01:15
{"type":8,"message":"Constant FS_METHOD already defined","file":"\/var\/www\/html\/ascent_latest\/wp-config.php","line":90}

Nov 28 2018 06:01:15
{"type":8,"message":"Constant FS_METHOD already defined","file":"\/var\/www\/html\/ascent_latest\/wp-config.php","line":90}

Nov 28 2018 06:01:16
{"type":8,"message":"Constant FS_METHOD already defined","file":"\/var\/www\/html\/ascent_latest\/wp-config.php","line":90}

Nov 28 2018 06:01:16
{"type":8,"message":"Constant FS_METHOD already defined","file":"\/var\/www\/html\/ascent_latest\/wp-config.php","line":90}

Nov 28 2018 06:01:16
{"type":8,"message":"Constant FS_METHOD already defined","file":"\/var\/www\/html\/ascent_latest\/wp-config.php","line":90}

Nov 28 2018 06:01:17
{"type":8,"message":"Constant FS_METHOD already defined","file":"\/var\/www\/html\/ascent_latest\/wp-config.php","line":90}

Nov 28 2018 06:01:17
{"type":8,"message":"Constant FS_METHOD already defined","file":"\/var\/www\/html\/ascent_latest\/wp-config.php","line":90}

Nov 28 2018 06:01:17
{"type":8,"message":"Constant FS_METHOD already defined","file":"\/var\/www\/html\/ascent_latest\/wp-config.php","line":90}

Nov 28 2018 06:01:18
{"type":8,"message":"Constant FS_METHOD already defined","file":"\/var\/www\/html\/ascent_latest\/wp-config.php","line":90}

Nov 28 2018 06:01:18
{"type":8,"message":"Constant FS_METHOD already defined","file":"\/var\/www\/html\/ascent_latest\/wp-config.php","line":90}

Nov 28 2018 06:01:19
{"type":8,"message":"Constant FS_METHOD already defined","file":"\/var\/www\/html\/ascent_latest\/wp-config.php","line":90}

Nov 28 2018 06:01:19
{"type":8,"message":"Constant FS_METHOD already defined","file":"\/var\/www\/html\/ascent_latest\/wp-config.php","line":90}

Nov 28 2018 06:01:19
{"type":8,"message":"Constant FS_METHOD already defined","file":"\/var\/www\/html\/ascent_latest\/wp-config.php","line":90}

Nov 28 2018 06:01:20
{"type":8,"message":"Constant FS_METHOD already defined","file":"\/var\/www\/html\/ascent_latest\/wp-config.php","line":90}

Nov 28 2018 06:01:20
{"type":8,"message":"Constant FS_METHOD already defined","file":"\/var\/www\/html\/ascent_latest\/wp-config.php","line":90}

Nov 28 2018 06:01:20
{"type":8,"message":"Constant FS_METHOD already defined","file":"\/var\/www\/html\/ascent_latest\/wp-config.php","line":90}

Nov 28 2018 06:01:21
{"type":8,"message":"Constant FS_METHOD already defined","file":"\/var\/www\/html\/ascent_latest\/wp-config.php","line":90}

Nov 28 2018 06:01:21
{"type":8,"message":"Constant FS_METHOD already defined","file":"\/var\/www\/html\/ascent_latest\/wp-config.php","line":90}

Nov 28 2018 06:01:21
{"type":8,"message":"Constant FS_METHOD already defined","file":"\/var\/www\/html\/ascent_latest\/wp-config.php","line":90}

Nov 28 2018 06:01:22
{"type":8,"message":"Constant FS_METHOD already defined","file":"\/var\/www\/html\/ascent_latest\/wp-config.php","line":90}

Nov 28 2018 06:01:22
{"type":8,"message":"Constant FS_METHOD already defined","file":"\/var\/www\/html\/ascent_latest\/wp-config.php","line":90}

Nov 28 2018 06:01:22
{"type":8,"message":"Constant FS_METHOD already defined","file":"\/var\/www\/html\/ascent_latest\/wp-config.php","line":90}

Nov 28 2018 06:01:23
{"type":8,"message":"Constant FS_METHOD already defined","file":"\/var\/www\/html\/ascent_latest\/wp-config.php","line":90}

Nov 28 2018 06:01:23
{"type":8,"message":"Constant FS_METHOD already defined","file":"\/var\/www\/html\/ascent_latest\/wp-config.php","line":90}

Nov 28 2018 06:01:24
{"type":8,"message":"Constant FS_METHOD already defined","file":"\/var\/www\/html\/ascent_latest\/wp-config.php","line":90}

Nov 28 2018 06:01:24
{"type":8,"message":"Constant FS_METHOD already defined","file":"\/var\/www\/html\/ascent_latest\/wp-config.php","line":90}

Nov 28 2018 06:01:24
{"type":8,"message":"Constant FS_METHOD already defined","file":"\/var\/www\/html\/ascent_latest\/wp-config.php","line":90}

Nov 28 2018 06:01:25
{"type":8,"message":"Constant FS_METHOD already defined","file":"\/var\/www\/html\/ascent_latest\/wp-config.php","line":90}

Nov 28 2018 06:01:25
{"type":8,"message":"Constant FS_METHOD already defined","file":"\/var\/www\/html\/ascent_latest\/wp-config.php","line":90}

Nov 28 2018 06:01:25
{"type":8,"message":"Constant FS_METHOD already defined","file":"\/var\/www\/html\/ascent_latest\/wp-config.php","line":90}

Nov 28 2018 06:01:26
{"type":8,"message":"Constant FS_METHOD already defined","file":"\/var\/www\/html\/ascent_latest\/wp-config.php","line":90}

Nov 28 2018 06:01:26
{"type":8,"message":"Constant FS_METHOD already defined","file":"\/var\/www\/html\/ascent_latest\/wp-config.php","line":90}

Nov 28 2018 06:01:26
{"type":8,"message":"Constant FS_METHOD already defined","file":"\/var\/www\/html\/ascent_latest\/wp-config.php","line":90}

Nov 28 2018 06:01:27
{"type":8,"message":"Constant FS_METHOD already defined","file":"\/var\/www\/html\/ascent_latest\/wp-config.php","line":90}

Nov 28 2018 06:01:27
{"type":8,"message":"Constant FS_METHOD already defined","file":"\/var\/www\/html\/ascent_latest\/wp-config.php","line":90}

Nov 28 2018 06:01:27
{"type":8,"message":"Constant FS_METHOD already defined","file":"\/var\/www\/html\/ascent_latest\/wp-config.php","line":90}

Nov 28 2018 06:01:28
{"type":8,"message":"Constant FS_METHOD already defined","file":"\/var\/www\/html\/ascent_latest\/wp-config.php","line":90}

Nov 28 2018 06:01:28
{"type":8,"message":"Constant FS_METHOD already defined","file":"\/var\/www\/html\/ascent_latest\/wp-config.php","line":90}

Nov 28 2018 06:01:29
{"type":8,"message":"Constant FS_METHOD already defined","file":"\/var\/www\/html\/ascent_latest\/wp-config.php","line":90}

Nov 28 2018 06:01:29
{"type":8,"message":"Constant FS_METHOD already defined","file":"\/var\/www\/html\/ascent_latest\/wp-config.php","line":90}

Nov 28 2018 06:01:30
{"type":8,"message":"Constant FS_METHOD already defined","file":"\/var\/www\/html\/ascent_latest\/wp-config.php","line":90}

Nov 28 2018 06:01:30
{"type":8,"message":"Constant FS_METHOD already defined","file":"\/var\/www\/html\/ascent_latest\/wp-config.php","line":90}

Nov 28 2018 06:01:31
{"type":8,"message":"Constant FS_METHOD already defined","file":"\/var\/www\/html\/ascent_latest\/wp-config.php","line":90}

Nov 28 2018 06:01:31
{"type":8,"message":"Constant FS_METHOD already defined","file":"\/var\/www\/html\/ascent_latest\/wp-config.php","line":90}

Nov 28 2018 06:01:31
{"type":8,"message":"Constant FS_METHOD already defined","file":"\/var\/www\/html\/ascent_latest\/wp-config.php","line":90}

Nov 28 2018 06:01:32
{"type":8,"message":"Constant FS_METHOD already defined","file":"\/var\/www\/html\/ascent_latest\/wp-config.php","line":90}

Nov 28 2018 06:01:32
{"type":8,"message":"Constant FS_METHOD already defined","file":"\/var\/www\/html\/ascent_latest\/wp-config.php","line":90}

Nov 28 2018 06:01:32
{"type":8,"message":"Constant FS_METHOD already defined","file":"\/var\/www\/html\/ascent_latest\/wp-config.php","line":90}

Nov 28 2018 06:01:33
{"type":8,"message":"Constant FS_METHOD already defined","file":"\/var\/www\/html\/ascent_latest\/wp-config.php","line":90}

Nov 28 2018 06:01:33
{"type":8,"message":"Constant FS_METHOD already defined","file":"\/var\/www\/html\/ascent_latest\/wp-config.php","line":90}

Nov 28 2018 06:01:33
{"type":8,"message":"Constant FS_METHOD already defined","file":"\/var\/www\/html\/ascent_latest\/wp-config.php","line":90}

Nov 28 2018 06:01:34
{"type":8,"message":"Constant FS_METHOD already defined","file":"\/var\/www\/html\/ascent_latest\/wp-config.php","line":90}

Nov 28 2018 06:01:34
{"type":8,"message":"Constant FS_METHOD already defined","file":"\/var\/www\/html\/ascent_latest\/wp-config.php","line":90}

Nov 28 2018 06:01:35
{"type":8,"message":"Constant FS_METHOD already defined","file":"\/var\/www\/html\/ascent_latest\/wp-config.php","line":90}

Nov 28 2018 06:01:35
{"type":8,"message":"Constant FS_METHOD already defined","file":"\/var\/www\/html\/ascent_latest\/wp-config.php","line":90}

Nov 28 2018 06:01:35
{"type":8,"message":"Constant FS_METHOD already defined","file":"\/var\/www\/html\/ascent_latest\/wp-config.php","line":90}

Nov 28 2018 06:01:36
{"type":8,"message":"Constant FS_METHOD already defined","file":"\/var\/www\/html\/ascent_latest\/wp-config.php","line":90}

Nov 28 2018 06:01:36
{"type":8,"message":"Constant FS_METHOD already defined","file":"\/var\/www\/html\/ascent_latest\/wp-config.php","line":90}

Nov 28 2018 06:01:36
{"type":8,"message":"Constant FS_METHOD already defined","file":"\/var\/www\/html\/ascent_latest\/wp-config.php","line":90}

Nov 28 2018 06:01:37
{"type":8,"message":"Constant FS_METHOD already defined","file":"\/var\/www\/html\/ascent_latest\/wp-config.php","line":90}

Nov 28 2018 06:01:37
{"type":8,"message":"Constant FS_METHOD already defined","file":"\/var\/www\/html\/ascent_latest\/wp-config.php","line":90}

Nov 28 2018 06:01:37
{"type":8,"message":"Constant FS_METHOD already defined","file":"\/var\/www\/html\/ascent_latest\/wp-config.php","line":90}

Nov 28 2018 06:01:38
{"type":8,"message":"Constant FS_METHOD already defined","file":"\/var\/www\/html\/ascent_latest\/wp-config.php","line":90}

Nov 28 2018 06:01:38
{"type":8,"message":"Constant FS_METHOD already defined","file":"\/var\/www\/html\/ascent_latest\/wp-config.php","line":90}

Nov 28 2018 06:01:38
{"type":8,"message":"Constant FS_METHOD already defined","file":"\/var\/www\/html\/ascent_latest\/wp-config.php","line":90}

Nov 28 2018 06:01:39
{"type":8,"message":"Constant FS_METHOD already defined","file":"\/var\/www\/html\/ascent_latest\/wp-config.php","line":90}

Nov 28 2018 06:01:39
{"type":8,"message":"Constant FS_METHOD already defined","file":"\/var\/www\/html\/ascent_latest\/wp-config.php","line":90}

Nov 28 2018 06:01:39
{"type":8,"message":"Constant FS_METHOD already defined","file":"\/var\/www\/html\/ascent_latest\/wp-config.php","line":90}

Nov 28 2018 06:01:40
{"type":8,"message":"Constant FS_METHOD already defined","file":"\/var\/www\/html\/ascent_latest\/wp-config.php","line":90}

Nov 28 2018 06:01:40
{"type":8,"message":"Constant FS_METHOD already defined","file":"\/var\/www\/html\/ascent_latest\/wp-config.php","line":90}

Nov 28 2018 06:01:41
{"type":8,"message":"Constant FS_METHOD already defined","file":"\/var\/www\/html\/ascent_latest\/wp-config.php","line":90}

Nov 28 2018 06:01:41
{"type":8,"message":"Constant FS_METHOD already defined","file":"\/var\/www\/html\/ascent_latest\/wp-config.php","line":90}

Nov 28 2018 06:01:41
{"type":8,"message":"Constant FS_METHOD already defined","file":"\/var\/www\/html\/ascent_latest\/wp-config.php","line":90}

Nov 28 2018 06:01:42
{"type":8,"message":"Constant FS_METHOD already defined","file":"\/var\/www\/html\/ascent_latest\/wp-config.php","line":90}

Nov 28 2018 06:01:42
{"type":8,"message":"Constant FS_METHOD already defined","file":"\/var\/www\/html\/ascent_latest\/wp-config.php","line":90}

Nov 28 2018 06:01:42
{"type":8,"message":"Constant FS_METHOD already defined","file":"\/var\/www\/html\/ascent_latest\/wp-config.php","line":90}

Nov 28 2018 06:01:43
{"type":8,"message":"Constant FS_METHOD already defined","file":"\/var\/www\/html\/ascent_latest\/wp-config.php","line":90}

Nov 28 2018 06:01:43
{"type":8,"message":"Constant FS_METHOD already defined","file":"\/var\/www\/html\/ascent_latest\/wp-config.php","line":90}

Nov 28 2018 06:01:43
{"type":8,"message":"Constant FS_METHOD already defined","file":"\/var\/www\/html\/ascent_latest\/wp-config.php","line":90}

Nov 28 2018 06:01:44
{"type":8,"message":"Constant FS_METHOD already defined","file":"\/var\/www\/html\/ascent_latest\/wp-config.php","line":90}

Nov 28 2018 06:01:44
{"type":8,"message":"Constant FS_METHOD already defined","file":"\/var\/www\/html\/ascent_latest\/wp-config.php","line":90}

Nov 28 2018 06:01:44
{"type":8,"message":"Constant FS_METHOD already defined","file":"\/var\/www\/html\/ascent_latest\/wp-config.php","line":90}

Nov 28 2018 06:01:45
{"type":8,"message":"Constant FS_METHOD already defined","file":"\/var\/www\/html\/ascent_latest\/wp-config.php","line":90}

Nov 28 2018 06:01:45
{"type":8,"message":"Constant FS_METHOD already defined","file":"\/var\/www\/html\/ascent_latest\/wp-config.php","line":90}

Nov 28 2018 06:01:45
{"type":8,"message":"Constant FS_METHOD already defined","file":"\/var\/www\/html\/ascent_latest\/wp-config.php","line":90}

Nov 28 2018 06:01:46
{"type":8,"message":"Constant FS_METHOD already defined","file":"\/var\/www\/html\/ascent_latest\/wp-config.php","line":90}

Nov 28 2018 06:01:46
{"type":8,"message":"Constant FS_METHOD already defined","file":"\/var\/www\/html\/ascent_latest\/wp-config.php","line":90}

Nov 28 2018 06:01:47
{"type":8,"message":"Constant FS_METHOD already defined","file":"\/var\/www\/html\/ascent_latest\/wp-config.php","line":90}

Nov 28 2018 06:01:47
{"type":8,"message":"Constant FS_METHOD already defined","file":"\/var\/www\/html\/ascent_latest\/wp-config.php","line":90}

Nov 28 2018 06:01:47
{"type":8,"message":"Constant FS_METHOD already defined","file":"\/var\/www\/html\/ascent_latest\/wp-config.php","line":90}

Nov 28 2018 06:01:48
{"type":8,"message":"Constant FS_METHOD already defined","file":"\/var\/www\/html\/ascent_latest\/wp-config.php","line":90}

Nov 28 2018 06:01:48
{"type":8,"message":"Constant FS_METHOD already defined","file":"\/var\/www\/html\/ascent_latest\/wp-config.php","line":90}

Nov 28 2018 06:01:48
{"type":8,"message":"Constant FS_METHOD already defined","file":"\/var\/www\/html\/ascent_latest\/wp-config.php","line":90}

Nov 28 2018 06:01:49
{"type":8,"message":"Constant FS_METHOD already defined","file":"\/var\/www\/html\/ascent_latest\/wp-config.php","line":90}

Nov 28 2018 06:01:49
{"type":8,"message":"Constant FS_METHOD already defined","file":"\/var\/www\/html\/ascent_latest\/wp-config.php","line":90}

Nov 28 2018 06:01:49
{"type":8,"message":"Constant FS_METHOD already defined","file":"\/var\/www\/html\/ascent_latest\/wp-config.php","line":90}

Nov 28 2018 06:01:50
{"type":8,"message":"Constant FS_METHOD already defined","file":"\/var\/www\/html\/ascent_latest\/wp-config.php","line":90}

Nov 28 2018 06:01:50
{"type":8,"message":"Constant FS_METHOD already defined","file":"\/var\/www\/html\/ascent_latest\/wp-config.php","line":90}

Nov 28 2018 06:01:50
{"type":8,"message":"Constant FS_METHOD already defined","file":"\/var\/www\/html\/ascent_latest\/wp-config.php","line":90}

Nov 28 2018 06:01:51
{"type":8,"message":"Constant FS_METHOD already defined","file":"\/var\/www\/html\/ascent_latest\/wp-config.php","line":90}

Nov 28 2018 06:01:51
{"type":8,"message":"Constant FS_METHOD already defined","file":"\/var\/www\/html\/ascent_latest\/wp-config.php","line":90}

Nov 28 2018 06:01:51
{"type":8,"message":"Constant FS_METHOD already defined","file":"\/var\/www\/html\/ascent_latest\/wp-config.php","line":90}

Nov 28 2018 06:01:52
{"type":8,"message":"Constant FS_METHOD already defined","file":"\/var\/www\/html\/ascent_latest\/wp-config.php","line":90}

Nov 28 2018 06:01:52
{"type":8,"message":"Constant FS_METHOD already defined","file":"\/var\/www\/html\/ascent_latest\/wp-config.php","line":90}

Nov 28 2018 06:01:53
{"type":8,"message":"Constant FS_METHOD already defined","file":"\/var\/www\/html\/ascent_latest\/wp-config.php","line":90}

Nov 28 2018 06:01:53
{"type":8,"message":"Constant FS_METHOD already defined","file":"\/var\/www\/html\/ascent_latest\/wp-config.php","line":90}

Nov 28 2018 06:01:53
{"type":8,"message":"Constant FS_METHOD already defined","file":"\/var\/www\/html\/ascent_latest\/wp-config.php","line":90}

Nov 28 2018 06:01:54
{"type":8,"message":"Constant FS_METHOD already defined","file":"\/var\/www\/html\/ascent_latest\/wp-config.php","line":90}

Nov 28 2018 06:01:54
{"type":8,"message":"Constant FS_METHOD already defined","file":"\/var\/www\/html\/ascent_latest\/wp-config.php","line":90}

Nov 28 2018 06:01:54
{"type":8,"message":"Constant FS_METHOD already defined","file":"\/var\/www\/html\/ascent_latest\/wp-config.php","line":90}

Nov 28 2018 06:01:55
{"type":8,"message":"Constant FS_METHOD already defined","file":"\/var\/www\/html\/ascent_latest\/wp-config.php","line":90}

Nov 28 2018 06:01:55
{"type":8,"message":"Constant FS_METHOD already defined","file":"\/var\/www\/html\/ascent_latest\/wp-config.php","line":90}

Nov 28 2018 06:01:55
{"type":8,"message":"Constant FS_METHOD already defined","file":"\/var\/www\/html\/ascent_latest\/wp-config.php","line":90}

Nov 28 2018 06:01:56
{"type":8,"message":"Constant FS_METHOD already defined","file":"\/var\/www\/html\/ascent_latest\/wp-config.php","line":90}

Nov 28 2018 06:01:56
{"type":8,"message":"Constant FS_METHOD already defined","file":"\/var\/www\/html\/ascent_latest\/wp-config.php","line":90}

Nov 28 2018 06:01:56
{"type":8,"message":"Constant FS_METHOD already defined","file":"\/var\/www\/html\/ascent_latest\/wp-config.php","line":90}

Nov 28 2018 06:01:57
{"type":8,"message":"Constant FS_METHOD already defined","file":"\/var\/www\/html\/ascent_latest\/wp-config.php","line":90}

Nov 28 2018 06:01:57
{"type":8,"message":"Constant FS_METHOD already defined","file":"\/var\/www\/html\/ascent_latest\/wp-config.php","line":90}

Nov 28 2018 06:01:57
{"type":8,"message":"Constant FS_METHOD already defined","file":"\/var\/www\/html\/ascent_latest\/wp-config.php","line":90}

Nov 28 2018 06:01:58
{"type":8,"message":"Constant FS_METHOD already defined","file":"\/var\/www\/html\/ascent_latest\/wp-config.php","line":90}

Nov 28 2018 06:01:58
{"type":8,"message":"Constant FS_METHOD already defined","file":"\/var\/www\/html\/ascent_latest\/wp-config.php","line":90}

Nov 28 2018 06:01:59
{"type":8,"message":"Constant FS_METHOD already defined","file":"\/var\/www\/html\/ascent_latest\/wp-config.php","line":90}

Nov 28 2018 06:01:59
{"type":8,"message":"Constant FS_METHOD already defined","file":"\/var\/www\/html\/ascent_latest\/wp-config.php","line":90}

Nov 28 2018 06:01:59
{"type":8,"message":"Constant FS_METHOD already defined","file":"\/var\/www\/html\/ascent_latest\/wp-config.php","line":90}

Nov 28 2018 06:02:00
{"type":8,"message":"Constant FS_METHOD already defined","file":"\/var\/www\/html\/ascent_latest\/wp-config.php","line":90}

Nov 28 2018 06:02:00
{"type":8,"message":"Constant FS_METHOD already defined","file":"\/var\/www\/html\/ascent_latest\/wp-config.php","line":90}

Nov 28 2018 06:02:00
{"type":8,"message":"Constant FS_METHOD already defined","file":"\/var\/www\/html\/ascent_latest\/wp-config.php","line":90}

Nov 28 2018 06:02:01
{"type":8,"message":"Constant FS_METHOD already defined","file":"\/var\/www\/html\/ascent_latest\/wp-config.php","line":90}

Nov 28 2018 06:02:01
{"type":8,"message":"Constant FS_METHOD already defined","file":"\/var\/www\/html\/ascent_latest\/wp-config.php","line":90}

Nov 28 2018 06:02:01
{"type":8,"message":"Constant FS_METHOD already defined","file":"\/var\/www\/html\/ascent_latest\/wp-config.php","line":90}

Nov 28 2018 06:02:02
{"type":8,"message":"Constant FS_METHOD already defined","file":"\/var\/www\/html\/ascent_latest\/wp-config.php","line":90}

Nov 28 2018 06:02:02
{"type":8,"message":"Constant FS_METHOD already defined","file":"\/var\/www\/html\/ascent_latest\/wp-config.php","line":90}

Nov 28 2018 06:02:02
{"type":8,"message":"Constant FS_METHOD already defined","file":"\/var\/www\/html\/ascent_latest\/wp-config.php","line":90}

Nov 28 2018 06:02:03
{"type":8,"message":"Constant FS_METHOD already defined","file":"\/var\/www\/html\/ascent_latest\/wp-config.php","line":90}

Nov 28 2018 06:02:03
{"type":8,"message":"Constant FS_METHOD already defined","file":"\/var\/www\/html\/ascent_latest\/wp-config.php","line":90}

Nov 28 2018 06:02:04
{"type":8,"message":"Constant FS_METHOD already defined","file":"\/var\/www\/html\/ascent_latest\/wp-config.php","line":90}

Nov 28 2018 06:02:04
{"type":8,"message":"Constant FS_METHOD already defined","file":"\/var\/www\/html\/ascent_latest\/wp-config.php","line":90}

Nov 28 2018 06:02:04
{"type":8,"message":"Constant FS_METHOD already defined","file":"\/var\/www\/html\/ascent_latest\/wp-config.php","line":90}

Nov 28 2018 06:02:05
{"type":8,"message":"Constant FS_METHOD already defined","file":"\/var\/www\/html\/ascent_latest\/wp-config.php","line":90}

Nov 28 2018 06:02:05
{"type":8,"message":"Constant FS_METHOD already defined","file":"\/var\/www\/html\/ascent_latest\/wp-config.php","line":90}

Nov 28 2018 06:02:05
{"type":8,"message":"Constant FS_METHOD already defined","file":"\/var\/www\/html\/ascent_latest\/wp-config.php","line":90}

Nov 28 2018 06:02:06
{"type":8,"message":"Constant FS_METHOD already defined","file":"\/var\/www\/html\/ascent_latest\/wp-config.php","line":90}

Nov 28 2018 06:02:06
{"type":8,"message":"Constant FS_METHOD already defined","file":"\/var\/www\/html\/ascent_latest\/wp-config.php","line":90}

Nov 28 2018 06:02:06
{"type":8,"message":"Constant FS_METHOD already defined","file":"\/var\/www\/html\/ascent_latest\/wp-config.php","line":90}

Nov 28 2018 06:02:07
{"type":8,"message":"Constant FS_METHOD already defined","file":"\/var\/www\/html\/ascent_latest\/wp-config.php","line":90}

Nov 28 2018 06:02:07
{"type":8,"message":"Constant FS_METHOD already defined","file":"\/var\/www\/html\/ascent_latest\/wp-config.php","line":90}

Nov 28 2018 06:02:07
{"type":8,"message":"Constant FS_METHOD already defined","file":"\/var\/www\/html\/ascent_latest\/wp-config.php","line":90}

Nov 28 2018 06:02:08
{"type":8,"message":"Constant FS_METHOD already defined","file":"\/var\/www\/html\/ascent_latest\/wp-config.php","line":90}

Nov 28 2018 06:02:08
{"type":8,"message":"Constant FS_METHOD already defined","file":"\/var\/www\/html\/ascent_latest\/wp-config.php","line":90}

Nov 28 2018 06:02:08
{"type":8,"message":"Constant FS_METHOD already defined","file":"\/var\/www\/html\/ascent_latest\/wp-config.php","line":90}

Nov 28 2018 06:02:09
{"type":8,"message":"Constant FS_METHOD already defined","file":"\/var\/www\/html\/ascent_latest\/wp-config.php","line":90}

Nov 28 2018 06:02:09
{"type":8,"message":"Constant FS_METHOD already defined","file":"\/var\/www\/html\/ascent_latest\/wp-config.php","line":90}

Nov 28 2018 06:02:09
{"type":8,"message":"Constant FS_METHOD already defined","file":"\/var\/www\/html\/ascent_latest\/wp-config.php","line":90}

Nov 28 2018 06:02:10
{"type":8,"message":"Constant FS_METHOD already defined","file":"\/var\/www\/html\/ascent_latest\/wp-config.php","line":90}

Nov 28 2018 06:02:10
{"type":8,"message":"Constant FS_METHOD already defined","file":"\/var\/www\/html\/ascent_latest\/wp-config.php","line":90}

Nov 28 2018 06:02:11
{"type":8,"message":"Constant FS_METHOD already defined","file":"\/var\/www\/html\/ascent_latest\/wp-config.php","line":90}

Nov 28 2018 06:02:11
{"type":8,"message":"Constant FS_METHOD already defined","file":"\/var\/www\/html\/ascent_latest\/wp-config.php","line":90}

Nov 28 2018 06:02:11
{"type":8,"message":"Constant FS_METHOD already defined","file":"\/var\/www\/html\/ascent_latest\/wp-config.php","line":90}

Nov 28 2018 06:02:12
{"type":8,"message":"Constant FS_METHOD already defined","file":"\/var\/www\/html\/ascent_latest\/wp-config.php","line":90}

Nov 28 2018 06:02:12
{"type":8,"message":"Constant FS_METHOD already defined","file":"\/var\/www\/html\/ascent_latest\/wp-config.php","line":90}

Nov 28 2018 06:02:12
{"type":8,"message":"Constant FS_METHOD already defined","file":"\/var\/www\/html\/ascent_latest\/wp-config.php","line":90}

Nov 28 2018 06:02:13
{"type":8,"message":"Constant FS_METHOD already defined","file":"\/var\/www\/html\/ascent_latest\/wp-config.php","line":90}

Nov 28 2018 06:02:13
{"type":8,"message":"Constant FS_METHOD already defined","file":"\/var\/www\/html\/ascent_latest\/wp-config.php","line":90}

Nov 28 2018 06:02:14
{"type":8,"message":"Constant FS_METHOD already defined","file":"\/var\/www\/html\/ascent_latest\/wp-config.php","line":90}

Nov 28 2018 06:02:15
{"type":8,"message":"Constant FS_METHOD already defined","file":"\/var\/www\/html\/ascent_latest\/wp-config.php","line":90}

Nov 28 2018 06:02:50
{"type":8,"message":"Constant FS_METHOD already defined","file":"\/var\/www\/html\/ascent_latest\/wp-config.php","line":90}

Nov 28 2018 06:02:51
{"type":8,"message":"Constant FS_METHOD already defined","file":"\/var\/www\/html\/ascent_latest\/wp-config.php","line":90}

Nov 28 2018 06:02:53
{"Number":2,"Message":"touch(): Utime failed: Operation not permitted","File":"\/var\/www\/html\/ascent_latest\/wp-content\/plugins\/all-in-one-wp-migration\/lib\/vendor\/servmask\/archiver\/class-ai1wm-extractor.php","Line":473}

Nov 28 2018 06:02:53
{"Number":2,"Message":"chmod(): Operation not permitted","File":"\/var\/www\/html\/ascent_latest\/wp-content\/plugins\/all-in-one-wp-migration\/lib\/vendor\/servmask\/archiver\/class-ai1wm-extractor.php","Line":476}

Nov 28 2018 06:02:53
{"Number":2,"Message":"touch(): Utime failed: Operation not permitted","File":"\/var\/www\/html\/ascent_latest\/wp-content\/plugins\/all-in-one-wp-migration\/lib\/vendor\/servmask\/archiver\/class-ai1wm-extractor.php","Line":473}

Nov 28 2018 06:02:53
{"Number":2,"Message":"chmod(): Operation not permitted","File":"\/var\/www\/html\/ascent_latest\/wp-content\/plugins\/all-in-one-wp-migration\/lib\/vendor\/servmask\/archiver\/class-ai1wm-extractor.php","Line":476}

Nov 28 2018 06:02:57
{"Number":2,"Message":"touch(): Utime failed: Operation not permitted","File":"\/var\/www\/html\/ascent_latest\/wp-content\/plugins\/all-in-one-wp-migration\/lib\/vendor\/servmask\/archiver\/class-ai1wm-extractor.php","Line":473}

Nov 28 2018 06:02:57
{"Number":2,"Message":"chmod(): Operation not permitted","File":"\/var\/www\/html\/ascent_latest\/wp-content\/plugins\/all-in-one-wp-migration\/lib\/vendor\/servmask\/archiver\/class-ai1wm-extractor.php","Line":476}

Nov 28 2018 06:03:02
{"type":8,"message":"Constant FS_METHOD already defined","file":"\/var\/www\/html\/ascent_latest\/wp-config.php","line":90}

Nov 28 2018 06:03:11
{"type":8,"message":"Constant FS_METHOD already defined","file":"\/var\/www\/html\/ascent_latest\/wp-config.php","line":90}

Nov 28 2018 06:03:12
{"type":8,"message":"Constant FS_METHOD already defined","file":"\/var\/www\/html\/ascent_latest\/wp-config.php","line":90}

Nov 28 2018 06:03:23
{"type":8,"message":"Constant FS_METHOD already defined","file":"\/var\/www\/html\/ascent_latest\/wp-config.php","line":90}

Nov 28 2018 06:03:33
{"type":8,"message":"Constant FS_METHOD already defined","file":"\/var\/www\/html\/ascent_latest\/wp-config.php","line":90}

Nov 28 2018 06:04:50
{"type":8,"message":"Constant FS_METHOD already defined","file":"\/var\/www\/html\/ascent_latest\/wp-config.php","line":90}

Dec 10 2018 13:47:54
{"type":2,"message":"mkdir(): Permission denied","file":"\/var\/www\/html\/kalpna-demo\/wp-content\/plugins\/all-in-one-wp-migration\/lib\/controller\/class-ai1wm-main-controller.php","line":325}

Dec 10 2018 13:50:46
{"type":2,"message":"mkdir(): Permission denied","file":"\/var\/www\/html\/kalpna-demo\/wp-content\/plugins\/all-in-one-wp-migration\/lib\/controller\/class-ai1wm-main-controller.php","line":325}

